Started by user [8mha:////4DlcN72O8zGIXTUpohyV5sigefzA8u2X+JIgUR+gWq0jAAAAlx+LCAAAAAAAAP9b85aBtbiIQTGjNKU4P08vOT+vOD8nVc83PyU1x6OyILUoJzMv2y+/JJUBAhiZGBgqihhk0NSjKDWzXb3RdlLBUSYGJk8GtpzUvPSSDB8G5tKinBIGIZ+sxLJE/ZzEvHT94JKizLx0a6BxUmjGOUNodHsLgAzWEgZu/dLi1CL9gsS8lEQACjKVYMAAAAA=[0mPanda
Running as SYSTEM
Building in workspace /var/jenkins_home/workspace/Maven
The recommended git tool is: NONE
using credential github
 > git rev-parse --is-inside-work-tree # timeout=10
Fetching changes from the remote Git repository
 > git config remote.origin.url https://github.com/kamx44/panda_app.git # timeout=10
Fetching upstream changes from https://github.com/kamx44/panda_app.git
 > git --version # timeout=10
 > git --version # 'git version 2.20.1'
using GIT_ASKPASS to set credentials github
 > git fetch --tags --force --progress -- https://github.com/kamx44/panda_app.git +refs/heads/*:refs/remotes/origin/* # timeout=10
 > git rev-parse refs/remotes/origin/feature^{commit} # timeout=10
Checking out Revision 34856f4c3a0d68c376f8b2eba65fe6639f9666c5 (refs/remotes/origin/feature)
 > git config core.sparsecheckout # timeout=10
 > git checkout -f 34856f4c3a0d68c376f8b2eba65fe6639f9666c5 # timeout=10
Commit message: "feature new"
First time build. Skipping changelog.
[Maven] $ /var/jenkins_home/tools/hudson.tasks.Maven_MavenInstallation/M3/bin/mvn install
[INFO] Scanning for projects...
[INFO] 
[INFO] --------------------------< pl.pandait:panda >--------------------------
[INFO] Building panda 0.0.1
[INFO] --------------------------------[ jar ]---------------------------------
Downloading from central: https://repo.maven.apache.org/maven2/org/hamcrest/hamcrest-core/2.1/hamcrest-core-2.1.pom
Progress (1): 1.4 kB                    Downloaded from central: https://repo.maven.apache.org/maven2/org/hamcrest/hamcrest-core/2.1/hamcrest-core-2.1.pom (1.4 kB at 2.4 kB/s)
Downloading from central: https://repo.maven.apache.org/maven2/org/seleniumhq/selenium/selenium-java/3.141.59/selenium-java-3.141.59.pom
Progress (1): 2.7/5.4 kBProgress (1): 5.4 kB                        Downloaded from central: https://repo.maven.apache.org/maven2/org/seleniumhq/selenium/selenium-java/3.141.59/selenium-java-3.141.59.pom (5.4 kB at 42 kB/s)
Downloading from central: https://repo.maven.apache.org/maven2/org/seleniumhq/selenium/selenium-api/3.141.59/selenium-api-3.141.59.pom
Progress (1): 2.6 kB                    Downloaded from central: https://repo.maven.apache.org/maven2/org/seleniumhq/selenium/selenium-api/3.141.59/selenium-api-3.141.59.pom (2.6 kB at 20 kB/s)
Downloading from central: https://repo.maven.apache.org/maven2/org/seleniumhq/selenium/selenium-chrome-driver/3.141.59/selenium-chrome-driver-3.141.59.pom
Progress (1): 2.7/4.0 kBProgress (1): 4.0 kB                        Downloaded from central: https://repo.maven.apache.org/maven2/org/seleniumhq/selenium/selenium-chrome-driver/3.141.59/selenium-chrome-driver-3.141.59.pom (4.0 kB at 34 kB/s)
Downloading from central: https://repo.maven.apache.org/maven2/org/seleniumhq/selenium/selenium-remote-driver/3.141.59/selenium-remote-driver-3.141.59.pom
Progress (1): 2.7/3.8 kBProgress (1): 3.8 kB                        Downloaded from central: https://repo.maven.apache.org/maven2/org/seleniumhq/selenium/selenium-remote-driver/3.141.59/selenium-remote-driver-3.141.59.pom (3.8 kB at 32 kB/s)
Downloading from central: https://repo.maven.apache.org/maven2/org/apache/commons/commons-exec/1.3/commons-exec-1.3.pom
Progress (1): 2.7/11 kBProgress (1): 5.5/11 kBProgress (1): 8.2/11 kBProgress (1): 11/11 kB Progress (1): 11 kB                      Downloaded from central: https://repo.maven.apache.org/maven2/org/apache/commons/commons-exec/1.3/commons-exec-1.3.pom (11 kB at 87 kB/s)
Downloading from central: https://repo.maven.apache.org/maven2/org/apache/commons/commons-parent/35/commons-parent-35.pom
Progress (1): 2.7/58 kBProgress (1): 5.5/58 kBProgress (1): 8.2/58 kBProgress (1): 11/58 kB Progress (1): 14/58 kBProgress (1): 16/58 kBProgress (1): 19/58 kBProgress (1): 22/58 kBProgress (1): 25/58 kBProgress (1): 27/58 kBProgress (1): 30/58 kBProgress (1): 33/58 kBProgress (1): 36/58 kBProgress (1): 38/58 kBProgress (1): 41/58 kBProgress (1): 44/58 kBProgress (1): 47/58 kBProgress (1): 49/58 kBProgress (1): 52/58 kBProgress (1): 55/58 kBProgress (1): 58/58 kBProgress (1): 58 kB                      Downloaded from central: https://repo.maven.apache.org/maven2/org/apache/commons/commons-parent/35/commons-parent-35.pom (58 kB at 363 kB/s)
Downloading from central: https://repo.maven.apache.org/maven2/com/google/guava/guava/25.0-jre/guava-25.0-jre.pom
Progress (1): 2.7/7.8 kBProgress (1): 5.5/7.8 kBProgress (1): 7.8 kB                        Downloaded from central: https://repo.maven.apache.org/maven2/com/google/guava/guava/25.0-jre/guava-25.0-jre.pom (7.8 kB at 58 kB/s)
Downloading from central: https://repo.maven.apache.org/maven2/com/google/guava/guava-parent/25.0-jre/guava-parent-25.0-jre.pom
Progress (1): 2.7/10 kBProgress (1): 5.5/10 kBProgress (1): 8.2/10 kBProgress (1): 10 kB                       Downloaded from central: https://repo.maven.apache.org/maven2/com/google/guava/guava-parent/25.0-jre/guava-parent-25.0-jre.pom (10 kB at 85 kB/s)
Downloading from central: https://repo.maven.apache.org/maven2/com/google/code/findbugs/jsr305/1.3.9/jsr305-1.3.9.pom
Progress (1): 965 B                   Downloaded from central: https://repo.maven.apache.org/maven2/com/google/code/findbugs/jsr305/1.3.9/jsr305-1.3.9.pom (965 B at 9.1 kB/s)
Downloading from central: https://repo.maven.apache.org/maven2/org/checkerframework/checker-compat-qual/2.0.0/checker-compat-qual-2.0.0.pom
Progress (1): 2.7/4.2 kBProgress (1): 4.2 kB                        Downloaded from central: https://repo.maven.apache.org/maven2/org/checkerframework/checker-compat-qual/2.0.0/checker-compat-qual-2.0.0.pom (4.2 kB at 38 kB/s)
Downloading from central: https://repo.maven.apache.org/maven2/com/google/errorprone/error_prone_annotations/2.1.3/error_prone_annotations-2.1.3.pom
Progress (1): 1.8 kB                    Downloaded from central: https://repo.maven.apache.org/maven2/com/google/errorprone/error_prone_annotations/2.1.3/error_prone_annotations-2.1.3.pom (1.8 kB at 16 kB/s)
Downloading from central: https://repo.maven.apache.org/maven2/com/google/errorprone/error_prone_parent/2.1.3/error_prone_parent-2.1.3.pom
Progress (1): 2.7/5.1 kBProgress (1): 5.1 kB                        Downloaded from central: https://repo.maven.apache.org/maven2/com/google/errorprone/error_prone_parent/2.1.3/error_prone_parent-2.1.3.pom (5.1 kB at 45 kB/s)
Downloading from central: https://repo.maven.apache.org/maven2/com/google/j2objc/j2objc-annotations/1.1/j2objc-annotations-1.1.pom
Progress (1): 2.7/2.8 kBProgress (1): 2.8 kB                        Downloaded from central: https://repo.maven.apache.org/maven2/com/google/j2objc/j2objc-annotations/1.1/j2objc-annotations-1.1.pom (2.8 kB at 24 kB/s)
Downloading from central: https://repo.maven.apache.org/maven2/org/codehaus/mojo/animal-sniffer-annotations/1.14/animal-sniffer-annotations-1.14.pom
Progress (1): 2.5 kB                    Downloaded from central: https://repo.maven.apache.org/maven2/org/codehaus/mojo/animal-sniffer-annotations/1.14/animal-sniffer-annotations-1.14.pom (2.5 kB at 21 kB/s)
Downloading from central: https://repo.maven.apache.org/maven2/org/codehaus/mojo/animal-sniffer-parent/1.14/animal-sniffer-parent-1.14.pom
Progress (1): 2.7/4.4 kBProgress (1): 4.4 kB                        Downloaded from central: https://repo.maven.apache.org/maven2/org/codehaus/mojo/animal-sniffer-parent/1.14/animal-sniffer-parent-1.14.pom (4.4 kB at 36 kB/s)
Downloading from central: https://repo.maven.apache.org/maven2/org/codehaus/mojo/mojo-parent/34/mojo-parent-34.pom
Progress (1): 2.7/24 kBProgress (1): 5.5/24 kBProgress (1): 8.2/24 kBProgress (1): 11/24 kB Progress (1): 14/24 kBProgress (1): 16/24 kBProgress (1): 19/24 kBProgress (1): 22/24 kBProgress (1): 24 kB                      Downloaded from central: https://repo.maven.apache.org/maven2/org/codehaus/mojo/mojo-parent/34/mojo-parent-34.pom (24 kB at 180 kB/s)
Downloading from central: https://repo.maven.apache.org/maven2/org/codehaus/codehaus-parent/4/codehaus-parent-4.pom
Progress (1): 2.7/4.8 kBProgress (1): 4.8 kB                        Downloaded from central: https://repo.maven.apache.org/maven2/org/codehaus/codehaus-parent/4/codehaus-parent-4.pom (4.8 kB at 39 kB/s)
Downloading from central: https://repo.maven.apache.org/maven2/com/squareup/okhttp3/okhttp/3.14.6/okhttp-3.14.6.pom
Progress (1): 2.5 kB                    Downloaded from central: https://repo.maven.apache.org/maven2/com/squareup/okhttp3/okhttp/3.14.6/okhttp-3.14.6.pom (2.5 kB at 24 kB/s)
Downloading from central: https://repo.maven.apache.org/maven2/com/squareup/okhttp3/parent/3.14.6/parent-3.14.6.pom
Progress (1): 2.7/21 kBProgress (1): 5.5/21 kBProgress (1): 8.2/21 kBProgress (1): 11/21 kB Progress (1): 14/21 kBProgress (1): 16/21 kBProgress (1): 19/21 kBProgress (1): 21 kB                      Downloaded from central: https://repo.maven.apache.org/maven2/com/squareup/okhttp3/parent/3.14.6/parent-3.14.6.pom (21 kB at 180 kB/s)
Downloading from central: https://repo.maven.apache.org/maven2/com/squareup/okio/okio/1.17.2/okio-1.17.2.pom
Progress (1): 2.0 kB                    Downloaded from central: https://repo.maven.apache.org/maven2/com/squareup/okio/okio/1.17.2/okio-1.17.2.pom (2.0 kB at 18 kB/s)
Downloading from central: https://repo.maven.apache.org/maven2/com/squareup/okio/okio-parent/1.17.2/okio-parent-1.17.2.pom
Progress (1): 2.7/4.9 kBProgress (1): 4.9 kB                        Downloaded from central: https://repo.maven.apache.org/maven2/com/squareup/okio/okio-parent/1.17.2/okio-parent-1.17.2.pom (4.9 kB at 35 kB/s)
Downloading from central: https://repo.maven.apache.org/maven2/com/squareup/okio/okio/1.14.0/okio-1.14.0.pom
Progress (1): 2.0 kB                    Downloaded from central: https://repo.maven.apache.org/maven2/com/squareup/okio/okio/1.14.0/okio-1.14.0.pom (2.0 kB at 16 kB/s)
Downloading from central: https://repo.maven.apache.org/maven2/com/squareup/okio/okio-parent/1.14.0/okio-parent-1.14.0.pom
Progress (1): 4.1/4.9 kBProgress (1): 4.9 kB                        Downloaded from central: https://repo.maven.apache.org/maven2/com/squareup/okio/okio-parent/1.14.0/okio-parent-1.14.0.pom (4.9 kB at 41 kB/s)
Downloading from central: https://repo.maven.apache.org/maven2/org/seleniumhq/selenium/selenium-edge-driver/3.141.59/selenium-edge-driver-3.141.59.pom
Progress (1): 4.0 kB                    Downloaded from central: https://repo.maven.apache.org/maven2/org/seleniumhq/selenium/selenium-edge-driver/3.141.59/selenium-edge-driver-3.141.59.pom (4.0 kB at 32 kB/s)
Downloading from central: https://repo.maven.apache.org/maven2/org/seleniumhq/selenium/selenium-firefox-driver/3.141.59/selenium-firefox-driver-3.141.59.pom
Progress (1): 4.0 kB                    Downloaded from central: https://repo.maven.apache.org/maven2/org/seleniumhq/selenium/selenium-firefox-driver/3.141.59/selenium-firefox-driver-3.141.59.pom (4.0 kB at 36 kB/s)
Downloading from central: https://repo.maven.apache.org/maven2/org/seleniumhq/selenium/selenium-ie-driver/3.141.59/selenium-ie-driver-3.141.59.pom
Progress (1): 4.0 kB                    Downloaded from central: https://repo.maven.apache.org/maven2/org/seleniumhq/selenium/selenium-ie-driver/3.141.59/selenium-ie-driver-3.141.59.pom (4.0 kB at 34 kB/s)
Downloading from central: https://repo.maven.apache.org/maven2/org/seleniumhq/selenium/selenium-opera-driver/3.141.59/selenium-opera-driver-3.141.59.pom
Progress (1): 4.0 kB                    Downloaded from central: https://repo.maven.apache.org/maven2/org/seleniumhq/selenium/selenium-opera-driver/3.141.59/selenium-opera-driver-3.141.59.pom (4.0 kB at 36 kB/s)
Downloading from central: https://repo.maven.apache.org/maven2/org/seleniumhq/selenium/selenium-safari-driver/3.141.59/selenium-safari-driver-3.141.59.pom
Progress (1): 4.0 kB                    Downloaded from central: https://repo.maven.apache.org/maven2/org/seleniumhq/selenium/selenium-safari-driver/3.141.59/selenium-safari-driver-3.141.59.pom (4.0 kB at 31 kB/s)
Downloading from central: https://repo.maven.apache.org/maven2/org/seleniumhq/selenium/selenium-support/3.141.59/selenium-support-3.141.59.pom
Progress (1): 4.0 kB                    Downloaded from central: https://repo.maven.apache.org/maven2/org/seleniumhq/selenium/selenium-support/3.141.59/selenium-support-3.141.59.pom (4.0 kB at 31 kB/s)
Downloading from central: https://repo.maven.apache.org/maven2/org/hamcrest/hamcrest-core/2.1/hamcrest-core-2.1.jar
Downloading from central: https://repo.maven.apache.org/maven2/org/seleniumhq/selenium/selenium-chrome-driver/3.141.59/selenium-chrome-driver-3.141.59.jar
Downloading from central: https://repo.maven.apache.org/maven2/org/seleniumhq/selenium/selenium-api/3.141.59/selenium-api-3.141.59.jar
Downloading from central: https://repo.maven.apache.org/maven2/org/seleniumhq/selenium/selenium-edge-driver/3.141.59/selenium-edge-driver-3.141.59.jar
Downloading from central: https://repo.maven.apache.org/maven2/org/seleniumhq/selenium/selenium-java/3.141.59/selenium-java-3.141.59.jar
Progress (1): 1.2 kB                    Downloaded from central: https://repo.maven.apache.org/maven2/org/hamcrest/hamcrest-core/2.1/hamcrest-core-2.1.jar (1.2 kB at 6.7 kB/s)
Downloading from central: https://repo.maven.apache.org/maven2/org/seleniumhq/selenium/selenium-firefox-driver/3.141.59/selenium-firefox-driver-3.141.59.jar
Progress (1): 4.1/810 kBProgress (1): 8.2/810 kBProgress (1): 12/810 kB Progress (1): 16/810 kBProgress (1): 20/810 kBProgress (1): 25/810 kBProgress (1): 29/810 kBProgress (1): 33/810 kBProgress (1): 37/810 kBProgress (1): 41/810 kBProgress (1): 45/810 kBProgress (1): 49/810 kBProgress (1): 53/810 kBProgress (1): 57/810 kBProgress (1): 61/810 kBProgress (1): 66/810 kBProgress (2): 66/810 kB | 2.7/8.0 kBProgress (2): 66/810 kB | 5.5/8.0 kBProgress (2): 66/810 kB | 8.0 kB    Progress (3): 66/810 kB | 8.0 kB | 2.7/182 kBProgress (3): 70/810 kB | 8.0 kB | 2.7/182 kBProgress (4): 70/810 kB | 8.0 kB | 2.7/182 kB | 355 BProgress (4): 74/810 kB | 8.0 kB | 2.7/182 kB | 355 BProgress (4): 78/810 kB | 8.0 kB | 2.7/182 kB | 355 BProgress (4): 82/810 kB | 8.0 kB | 2.7/182 kB | 355 BProgress (4): 82/810 kB | 8.0 kB | 5.5/182 kB | 355 BProgress (5): 82/810 kB | 8.0 kB | 5.5/182 kB | 355 B | 2.7/14 kBProgress (5): 82/810 kB | 8.0 kB | 5.5/182 kB | 355 B | 5.5/14 kBProgress (5): 82/810 kB | 8.0 kB | 5.5/182 kB | 355 B | 8.2/14 kBProgress (5): 82/810 kB | 8.0 kB | 5.5/182 kB | 355 B | 11/14 kB Progress (5): 82/810 kB | 8.0 kB | 5.5/182 kB | 355 B | 14/14 kBProgress (5): 82/810 kB | 8.0 kB | 5.5/182 kB | 355 B | 14 kB   Progress (5): 86/810 kB | 8.0 kB | 5.5/182 kB | 355 B | 14 kBProgress (5): 90/810 kB | 8.0 kB | 5.5/182 kB | 355 B | 14 kBProgress (5): 90/810 kB | 8.0 kB | 8.2/182 kB | 355 B | 14 kBProgress (5): 94/810 kB | 8.0 kB | 8.2/182 kB | 355 B | 14 kBProgress (5): 98/810 kB | 8.0 kB | 8.2/182 kB | 355 B | 14 kBProgress (5): 98/810 kB | 8.0 kB | 11/182 kB | 355 B | 14 kB Progress (5): 98/810 kB | 8.0 kB | 14/182 kB | 355 B | 14 kBProgress (5): 98/810 kB | 8.0 kB | 16/182 kB | 355 B | 14 kBProgress (5): 98/810 kB | 8.0 kB | 19/182 kB | 355 B | 14 kBProgress (5): 98/810 kB | 8.0 kB | 22/182 kB | 355 B | 14 kBProgress (5): 98/810 kB | 8.0 kB | 25/182 kB | 355 B | 14 kBProgress (5): 102/810 kB | 8.0 kB | 25/182 kB | 355 B | 14 kBProgress (5): 102/810 kB | 8.0 kB | 27/182 kB | 355 B | 14 kBProgress (5): 102/810 kB | 8.0 kB | 30/182 kB | 355 B | 14 kBProgress (5): 106/810 kB | 8.0 kB | 30/182 kB | 355 B | 14 kBProgress (5): 111/810 kB | 8.0 kB | 30/182 kB | 355 B | 14 kBProgress (5): 115/810 kB | 8.0 kB | 30/182 kB | 355 B | 14 kBProgress (5): 115/810 kB | 8.0 kB | 33/182 kB | 355 B | 14 kBProgress (5): 115/810 kB | 8.0 kB | 36/182 kB | 355 B | 14 kBProgress (5): 115/810 kB | 8.0 kB | 39/182 kB | 355 B | 14 kBProgress (5): 119/810 kB | 8.0 kB | 39/182 kB | 355 B | 14 kBProgress (5): 123/810 kB | 8.0 kB | 39/182 kB | 355 B | 14 kBProgress (5): 127/810 kB | 8.0 kB | 39/182 kB | 355 B | 14 kB                                                             Downloaded from central: https://repo.maven.apache.org/maven2/org/seleniumhq/selenium/selenium-edge-driver/3.141.59/selenium-edge-driver-3.141.59.jar (8.0 kB at 24 kB/s)
Downloading from central: https://repo.maven.apache.org/maven2/org/seleniumhq/selenium/selenium-ie-driver/3.141.59/selenium-ie-driver-3.141.59.jar
Progress (4): 127/810 kB | 41/182 kB | 355 B | 14 kBProgress (4): 131/810 kB | 41/182 kB | 355 B | 14 kBProgress (4): 131/810 kB | 44/182 kB | 355 B | 14 kBProgress (4): 131/810 kB | 47/182 kB | 355 B | 14 kBProgress (4): 135/810 kB | 47/182 kB | 355 B | 14 kBProgress (4): 135/810 kB | 50/182 kB | 355 B | 14 kBProgress (4): 135/810 kB | 52/182 kB | 355 B | 14 kBProgress (4): 139/810 kB | 52/182 kB | 355 B | 14 kBProgress (4): 139/810 kB | 55/182 kB | 355 B | 14 kBProgress (4): 143/810 kB | 55/182 kB | 355 B | 14 kBProgress (4): 147/810 kB | 55/182 kB | 355 B | 14 kBProgress (4): 152/810 kB | 55/182 kB | 355 B | 14 kBProgress (4): 156/810 kB | 55/182 kB | 355 B | 14 kBProgress (4): 160/810 kB | 55/182 kB | 355 B | 14 kBProgress (4): 164/810 kB | 55/182 kB | 355 B | 14 kBProgress (4): 168/810 kB | 55/182 kB | 355 B | 14 kBProgress (4): 172/810 kB | 55/182 kB | 355 B | 14 kBProgress (4): 176/810 kB | 55/182 kB | 355 B | 14 kBProgress (4): 180/810 kB | 55/182 kB | 355 B | 14 kBProgress (4): 180/810 kB | 58/182 kB | 355 B | 14 kBProgress (4): 184/810 kB | 58/182 kB | 355 B | 14 kBProgress (4): 184/810 kB | 61/182 kB | 355 B | 14 kBProgress (4): 188/810 kB | 61/182 kB | 355 B | 14 kBProgress (4): 193/810 kB | 61/182 kB | 355 B | 14 kBProgress (4): 197/810 kB | 61/182 kB | 355 B | 14 kBProgress (4): 197/810 kB | 63/182 kB | 355 B | 14 kBProgress (4): 197/810 kB | 66/182 kB | 355 B | 14 kBProgress (4): 197/810 kB | 69/182 kB | 355 B | 14 kBProgress (4): 201/810 kB | 69/182 kB | 355 B | 14 kBProgress (4): 205/810 kB | 69/182 kB | 355 B | 14 kBProgress (4): 209/810 kB | 69/182 kB | 355 B | 14 kBProgress (4): 213/810 kB | 69/182 kB | 355 B | 14 kBProgress (4): 213/810 kB | 72/182 kB | 355 B | 14 kBProgress (4): 213/810 kB | 74/182 kB | 355 B | 14 kBProgress (4): 213/810 kB | 77/182 kB | 355 B | 14 kB                                                    Downloaded from central: https://repo.maven.apache.org/maven2/org/seleniumhq/selenium/selenium-java/3.141.59/selenium-java-3.141.59.jar (355 B at 919 B/s)
Downloading from central: https://repo.maven.apache.org/maven2/org/seleniumhq/selenium/selenium-opera-driver/3.141.59/selenium-opera-driver-3.141.59.jar
Progress (3): 213/810 kB | 80/182 kB | 14 kB                                            Downloaded from central: https://repo.maven.apache.org/maven2/org/seleniumhq/selenium/selenium-chrome-driver/3.141.59/selenium-chrome-driver-3.141.59.jar (14 kB at 36 kB/s)
Downloading from central: https://repo.maven.apache.org/maven2/org/seleniumhq/selenium/selenium-remote-driver/3.141.59/selenium-remote-driver-3.141.59.jar
Progress (2): 217/810 kB | 80/182 kBProgress (2): 217/810 kB | 83/182 kBProgress (2): 221/810 kB | 83/182 kBProgress (2): 225/810 kB | 83/182 kBProgress (2): 229/810 kB | 83/182 kBProgress (2): 233/810 kB | 83/182 kBProgress (2): 233/810 kB | 85/182 kBProgress (2): 233/810 kB | 88/182 kBProgress (2): 238/810 kB | 88/182 kBProgress (2): 242/810 kB | 88/182 kBProgress (2): 246/810 kB | 88/182 kBProgress (2): 250/810 kB | 88/182 kBProgress (2): 250/810 kB | 91/182 kBProgress (2): 250/810 kB | 94/182 kBProgress (2): 254/810 kB | 94/182 kBProgress (2): 258/810 kB | 94/182 kBProgress (2): 262/810 kB | 94/182 kBProgress (2): 266/810 kB | 94/182 kBProgress (2): 266/810 kB | 96/182 kBProgress (2): 266/810 kB | 99/182 kBProgress (2): 266/810 kB | 102/182 kBProgress (2): 266/810 kB | 105/182 kBProgress (2): 266/810 kB | 107/182 kBProgress (2): 266/810 kB | 110/182 kBProgress (2): 266/810 kB | 113/182 kBProgress (2): 266/810 kB | 116/182 kBProgress (2): 270/810 kB | 116/182 kBProgress (2): 274/810 kB | 116/182 kBProgress (2): 279/810 kB | 116/182 kBProgress (2): 283/810 kB | 116/182 kBProgress (2): 283/810 kB | 118/182 kBProgress (2): 283/810 kB | 121/182 kBProgress (2): 283/810 kB | 124/182 kBProgress (2): 283/810 kB | 126/182 kBProgress (2): 287/810 kB | 126/182 kBProgress (2): 291/810 kB | 126/182 kBProgress (2): 295/810 kB | 126/182 kBProgress (2): 299/810 kB | 126/182 kBProgress (2): 299/810 kB | 129/182 kBProgress (2): 299/810 kB | 132/182 kBProgress (3): 299/810 kB | 132/182 kB | 2.7/17 kBProgress (3): 299/810 kB | 132/182 kB | 5.5/17 kBProgress (3): 303/810 kB | 132/182 kB | 5.5/17 kBProgress (3): 307/810 kB | 132/182 kB | 5.5/17 kBProgress (3): 311/810 kB | 132/182 kB | 5.5/17 kBProgress (3): 315/810 kB | 132/182 kB | 5.5/17 kBProgress (3): 315/810 kB | 135/182 kB | 5.5/17 kBProgress (3): 315/810 kB | 137/182 kB | 5.5/17 kBProgress (3): 315/810 kB | 137/182 kB | 8.2/17 kBProgress (3): 315/810 kB | 140/182 kB | 8.2/17 kBProgress (3): 315/810 kB | 143/182 kB | 8.2/17 kBProgress (3): 315/810 kB | 146/182 kB | 8.2/17 kBProgress (3): 315/810 kB | 148/182 kB | 8.2/17 kBProgress (3): 315/810 kB | 151/182 kB | 8.2/17 kBProgress (3): 315/810 kB | 154/182 kB | 8.2/17 kBProgress (3): 315/810 kB | 157/182 kB | 8.2/17 kBProgress (3): 315/810 kB | 159/182 kB | 8.2/17 kBProgress (3): 315/810 kB | 162/182 kB | 8.2/17 kBProgress (3): 319/810 kB | 162/182 kB | 8.2/17 kBProgress (3): 324/810 kB | 162/182 kB | 8.2/17 kBProgress (3): 328/810 kB | 162/182 kB | 8.2/17 kBProgress (3): 328/810 kB | 165/182 kB | 8.2/17 kBProgress (3): 328/810 kB | 165/182 kB | 11/17 kB Progress (3): 332/810 kB | 165/182 kB | 11/17 kBProgress (3): 332/810 kB | 165/182 kB | 14/17 kBProgress (3): 332/810 kB | 165/182 kB | 16/17 kBProgress (3): 332/810 kB | 165/182 kB | 17 kB   Progress (3): 332/810 kB | 168/182 kB | 17 kBProgress (3): 332/810 kB | 170/182 kB | 17 kBProgress (3): 332/810 kB | 173/182 kB | 17 kBProgress (3): 332/810 kB | 176/182 kB | 17 kBProgress (3): 332/810 kB | 179/182 kB | 17 kBProgress (3): 332/810 kB | 181/182 kB | 17 kBProgress (3): 332/810 kB | 182 kB | 17 kB    Progress (3): 336/810 kB | 182 kB | 17 kBProgress (3): 340/810 kB | 182 kB | 17 kBProgress (3): 344/810 kB | 182 kB | 17 kBProgress (3): 348/810 kB | 182 kB | 17 kBProgress (4): 348/810 kB | 182 kB | 17 kB | 2.7/11 kBProgress (4): 348/810 kB | 182 kB | 17 kB | 5.5/11 kBProgress (4): 348/810 kB | 182 kB | 17 kB | 8.2/11 kBProgress (4): 348/810 kB | 182 kB | 17 kB | 11 kB    Progress (4): 352/810 kB | 182 kB | 17 kB | 11 kBProgress (4): 356/810 kB | 182 kB | 17 kB | 11 kBProgress (5): 356/810 kB | 182 kB | 17 kB | 11 kB | 2.7/334 kBProgress (5): 360/810 kB | 182 kB | 17 kB | 11 kB | 2.7/334 kBProgress (5): 365/810 kB | 182 kB | 17 kB | 11 kB | 2.7/334 kBProgress (5): 365/810 kB | 182 kB | 17 kB | 11 kB | 5.5/334 kBProgress (5): 369/810 kB | 182 kB | 17 kB | 11 kB | 5.5/334 kBProgress (5): 373/810 kB | 182 kB | 17 kB | 11 kB | 5.5/334 kBProgress (5): 373/810 kB | 182 kB | 17 kB | 11 kB | 8.2/334 kBProgress (5): 377/810 kB | 182 kB | 17 kB | 11 kB | 8.2/334 kBProgress (5): 381/810 kB | 182 kB | 17 kB | 11 kB | 8.2/334 kBProgress (5): 381/810 kB | 182 kB | 17 kB | 11 kB | 11/334 kB Progress (5): 385/810 kB | 182 kB | 17 kB | 11 kB | 11/334 kBProgress (5): 389/810 kB | 182 kB | 17 kB | 11 kB | 11/334 kBProgress (5): 389/810 kB | 182 kB | 17 kB | 11 kB | 14/334 kBProgress (5): 393/810 kB | 182 kB | 17 kB | 11 kB | 14/334 kBProgress (5): 397/810 kB | 182 kB | 17 kB | 11 kB | 14/334 kBProgress (5): 397/810 kB | 182 kB | 17 kB | 11 kB | 16/334 kBProgress (5): 401/810 kB | 182 kB | 17 kB | 11 kB | 16/334 kBProgress (5): 406/810 kB | 182 kB | 17 kB | 11 kB | 16/334 kBProgress (5): 410/810 kB | 182 kB | 17 kB | 11 kB | 16/334 kBProgress (5): 414/810 kB | 182 kB | 17 kB | 11 kB | 16/334 kBProgress (5): 414/810 kB | 182 kB | 17 kB | 11 kB | 19/334 kBProgress (5): 414/810 kB | 182 kB | 17 kB | 11 kB | 22/334 kBProgress (5): 414/810 kB | 182 kB | 17 kB | 11 kB | 25/334 kBProgress (5): 418/810 kB | 182 kB | 17 kB | 11 kB | 25/334 kBProgress (5): 422/810 kB | 182 kB | 17 kB | 11 kB | 25/334 kBProgress (5): 426/810 kB | 182 kB | 17 kB | 11 kB | 25/334 kBProgress (5): 430/810 kB | 182 kB | 17 kB | 11 kB | 25/334 kBProgress (5): 430/810 kB | 182 kB | 17 kB | 11 kB | 27/334 kBProgress (5): 434/810 kB | 182 kB | 17 kB | 11 kB | 27/334 kBProgress (5): 438/810 kB | 182 kB | 17 kB | 11 kB | 27/334 kBProgress (5): 438/810 kB | 182 kB | 17 kB | 11 kB | 30/334 kBProgress (5): 438/810 kB | 182 kB | 17 kB | 11 kB | 33/334 kBProgress (5): 438/810 kB | 182 kB | 17 kB | 11 kB | 36/334 kBProgress (5): 438/810 kB | 182 kB | 17 kB | 11 kB | 38/334 kB                                                             Downloaded from central: https://repo.maven.apache.org/maven2/org/seleniumhq/selenium/selenium-ie-driver/3.141.59/selenium-ie-driver-3.141.59.jar (17 kB at 30 kB/s)
Downloading from central: https://repo.maven.apache.org/maven2/org/seleniumhq/selenium/selenium-safari-driver/3.141.59/selenium-safari-driver-3.141.59.jar
Progress (4): 442/810 kB | 182 kB | 11 kB | 38/334 kBProgress (4): 446/810 kB | 182 kB | 11 kB | 38/334 kBProgress (4): 450/810 kB | 182 kB | 11 kB | 38/334 kBProgress (4): 454/810 kB | 182 kB | 11 kB | 38/334 kBProgress (4): 458/810 kB | 182 kB | 11 kB | 38/334 kBProgress (4): 463/810 kB | 182 kB | 11 kB | 38/334 kBProgress (4): 467/810 kB | 182 kB | 11 kB | 38/334 kBProgress (4): 471/810 kB | 182 kB | 11 kB | 38/334 kBProgress (4): 475/810 kB | 182 kB | 11 kB | 38/334 kBProgress (4): 479/810 kB | 182 kB | 11 kB | 38/334 kBProgress (4): 483/810 kB | 182 kB | 11 kB | 38/334 kBProgress (4): 487/810 kB | 182 kB | 11 kB | 38/334 kBProgress (4): 487/810 kB | 182 kB | 11 kB | 41/334 kB                                                     Downloaded from central: https://repo.maven.apache.org/maven2/org/seleniumhq/selenium/selenium-api/3.141.59/selenium-api-3.141.59.jar (182 kB at 308 kB/s)
Downloading from central: https://repo.maven.apache.org/maven2/org/seleniumhq/selenium/selenium-support/3.141.59/selenium-support-3.141.59.jar
Progress (3): 487/810 kB | 11 kB | 44/334 kBProgress (3): 487/810 kB | 11 kB | 47/334 kBProgress (3): 487/810 kB | 11 kB | 49/334 kBProgress (3): 487/810 kB | 11 kB | 52/334 kBProgress (3): 491/810 kB | 11 kB | 52/334 kBProgress (3): 495/810 kB | 11 kB | 52/334 kBProgress (3): 499/810 kB | 11 kB | 52/334 kBProgress (3): 504/810 kB | 11 kB | 52/334 kBProgress (3): 504/810 kB | 11 kB | 55/334 kBProgress (3): 504/810 kB | 11 kB | 58/334 kBProgress (3): 504/810 kB | 11 kB | 60/334 kBProgress (3): 504/810 kB | 11 kB | 63/334 kBProgress (3): 504/810 kB | 11 kB | 66/334 kBProgress (3): 504/810 kB | 11 kB | 69/334 kBProgress (3): 508/810 kB | 11 kB | 69/334 kB                                            Downloaded from central: https://repo.maven.apache.org/maven2/org/seleniumhq/selenium/selenium-opera-driver/3.141.59/selenium-opera-driver-3.141.59.jar (11 kB at 18 kB/s)
Downloading from central: https://repo.maven.apache.org/maven2/org/apache/commons/commons-exec/1.3/commons-exec-1.3.jar
Progress (2): 508/810 kB | 71/334 kBProgress (2): 512/810 kB | 71/334 kBProgress (2): 516/810 kB | 71/334 kBProgress (2): 520/810 kB | 71/334 kBProgress (2): 524/810 kB | 71/334 kBProgress (2): 528/810 kB | 71/334 kBProgress (2): 532/810 kB | 71/334 kBProgress (2): 536/810 kB | 71/334 kBProgress (2): 536/810 kB | 74/334 kBProgress (2): 540/810 kB | 74/334 kBProgress (2): 544/810 kB | 74/334 kBProgress (2): 549/810 kB | 74/334 kBProgress (2): 553/810 kB | 74/334 kBProgress (2): 553/810 kB | 77/334 kBProgress (2): 553/810 kB | 80/334 kBProgress (2): 553/810 kB | 82/334 kBProgress (2): 557/810 kB | 82/334 kBProgress (2): 561/810 kB | 82/334 kBProgress (2): 565/810 kB | 82/334 kBProgress (2): 569/810 kB | 82/334 kBProgress (2): 569/810 kB | 85/334 kBProgress (2): 573/810 kB | 85/334 kBProgress (2): 573/810 kB | 88/334 kBProgress (2): 577/810 kB | 88/334 kBProgress (2): 577/810 kB | 90/334 kBProgress (2): 581/810 kB | 90/334 kBProgress (2): 585/810 kB | 90/334 kBProgress (2): 585/810 kB | 93/334 kBProgress (2): 590/810 kB | 93/334 kBProgress (2): 594/810 kB | 93/334 kBProgress (2): 598/810 kB | 93/334 kBProgress (3): 598/810 kB | 93/334 kB | 2.7/16 kBProgress (3): 598/810 kB | 93/334 kB | 5.5/16 kBProgress (3): 598/810 kB | 96/334 kB | 5.5/16 kBProgress (3): 598/810 kB | 96/334 kB | 8.2/16 kBProgress (3): 598/810 kB | 99/334 kB | 8.2/16 kBProgress (3): 598/810 kB | 101/334 kB | 8.2/16 kBProgress (3): 598/810 kB | 101/334 kB | 11/16 kB Progress (3): 598/810 kB | 104/334 kB | 11/16 kBProgress (3): 602/810 kB | 104/334 kB | 11/16 kBProgress (3): 606/810 kB | 104/334 kB | 11/16 kBProgress (3): 610/810 kB | 104/334 kB | 11/16 kBProgress (3): 614/810 kB | 104/334 kB | 11/16 kBProgress (3): 618/810 kB | 104/334 kB | 11/16 kBProgress (3): 618/810 kB | 107/334 kB | 11/16 kBProgress (3): 618/810 kB | 107/334 kB | 14/16 kBProgress (3): 622/810 kB | 107/334 kB | 14/16 kBProgress (3): 626/810 kB | 107/334 kB | 14/16 kBProgress (3): 631/810 kB | 107/334 kB | 14/16 kBProgress (3): 635/810 kB | 107/334 kB | 14/16 kBProgress (3): 635/810 kB | 107/334 kB | 16 kB   Progress (3): 635/810 kB | 110/334 kB | 16 kBProgress (3): 635/810 kB | 112/334 kB | 16 kBProgress (4): 635/810 kB | 112/334 kB | 16 kB | 2.7/151 kBProgress (4): 635/810 kB | 112/334 kB | 16 kB | 5.5/151 kBProgress (4): 639/810 kB | 112/334 kB | 16 kB | 5.5/151 kBProgress (4): 643/810 kB | 112/334 kB | 16 kB | 5.5/151 kBProgress (4): 647/810 kB | 112/334 kB | 16 kB | 5.5/151 kBProgress (4): 647/810 kB | 115/334 kB | 16 kB | 5.5/151 kBProgress (4): 651/810 kB | 115/334 kB | 16 kB | 5.5/151 kBProgress (4): 651/810 kB | 115/334 kB | 16 kB | 8.2/151 kBProgress (4): 651/810 kB | 115/334 kB | 16 kB | 11/151 kB Progress (4): 655/810 kB | 115/334 kB | 16 kB | 11/151 kBProgress (4): 657/810 kB | 115/334 kB | 16 kB | 11/151 kBProgress (4): 657/810 kB | 118/334 kB | 16 kB | 11/151 kBProgress (4): 657/810 kB | 121/334 kB | 16 kB | 11/151 kBProgress (5): 657/810 kB | 121/334 kB | 16 kB | 11/151 kB | 2.7/54 kBProgress (5): 657/810 kB | 121/334 kB | 16 kB | 14/151 kB | 2.7/54 kBProgress (5): 657/810 kB | 121/334 kB | 16 kB | 16/151 kB | 2.7/54 kBProgress (5): 657/810 kB | 121/334 kB | 16 kB | 19/151 kB | 2.7/54 kBProgress (5): 657/810 kB | 121/334 kB | 16 kB | 22/151 kB | 2.7/54 kBProgress (5): 657/810 kB | 121/334 kB | 16 kB | 25/151 kB | 2.7/54 kBProgress (5): 657/810 kB | 123/334 kB | 16 kB | 25/151 kB | 2.7/54 kBProgress (5): 657/810 kB | 123/334 kB | 16 kB | 25/151 kB | 5.5/54 kBProgress (5): 657/810 kB | 123/334 kB | 16 kB | 27/151 kB | 5.5/54 kBProgress (5): 661/810 kB | 123/334 kB | 16 kB | 27/151 kB | 5.5/54 kBProgress (5): 665/810 kB | 123/334 kB | 16 kB | 27/151 kB | 5.5/54 kBProgress (5): 670/810 kB | 123/334 kB | 16 kB | 27/151 kB | 5.5/54 kBProgress (5): 674/810 kB | 123/334 kB | 16 kB | 27/151 kB | 5.5/54 kBProgress (5): 674/810 kB | 123/334 kB | 16 kB | 30/151 kB | 5.5/54 kBProgress (5): 674/810 kB | 123/334 kB | 16 kB | 30/151 kB | 8.2/54 kBProgress (5): 674/810 kB | 126/334 kB | 16 kB | 30/151 kB | 8.2/54 kBProgress (5): 674/810 kB | 126/334 kB | 16 kB | 33/151 kB | 8.2/54 kBProgress (5): 674/810 kB | 126/334 kB | 16 kB | 36/151 kB | 8.2/54 kBProgress (5): 678/810 kB | 126/334 kB | 16 kB | 36/151 kB | 8.2/54 kBProgress (5): 682/810 kB | 126/334 kB | 16 kB | 36/151 kB | 8.2/54 kBProgress (5): 686/810 kB | 126/334 kB | 16 kB | 36/151 kB | 8.2/54 kBProgress (5): 690/810 kB | 126/334 kB | 16 kB | 36/151 kB | 8.2/54 kBProgress (5): 690/810 kB | 129/334 kB | 16 kB | 36/151 kB | 8.2/54 kBProgress (5): 690/810 kB | 129/334 kB | 16 kB | 38/151 kB | 8.2/54 kBProgress (5): 690/810 kB | 129/334 kB | 16 kB | 41/151 kB | 8.2/54 kBProgress (5): 690/810 kB | 132/334 kB | 16 kB | 41/151 kB | 8.2/54 kBProgress (5): 690/810 kB | 132/334 kB | 16 kB | 44/151 kB | 8.2/54 kBProgress (5): 690/810 kB | 132/334 kB | 16 kB | 44/151 kB | 11/54 kB Progress (5): 690/810 kB | 132/334 kB | 16 kB | 47/151 kB | 11/54 kBProgress (5): 690/810 kB | 132/334 kB | 16 kB | 49/151 kB | 11/54 kBProgress (5): 690/810 kB | 134/334 kB | 16 kB | 49/151 kB | 11/54 kBProgress (5): 690/810 kB | 134/334 kB | 16 kB | 49/151 kB | 14/54 kBProgress (5): 694/810 kB | 134/334 kB | 16 kB | 49/151 kB | 14/54 kBProgress (5): 698/810 kB | 134/334 kB | 16 kB | 49/151 kB | 14/54 kBProgress (5): 702/810 kB | 134/334 kB | 16 kB | 49/151 kB | 14/54 kBProgress (5): 706/810 kB | 134/334 kB | 16 kB | 49/151 kB | 14/54 kBProgress (5): 706/810 kB | 137/334 kB | 16 kB | 49/151 kB | 14/54 kBProgress (5): 706/810 kB | 137/334 kB | 16 kB | 52/151 kB | 14/54 kBProgress (5): 706/810 kB | 137/334 kB | 16 kB | 55/151 kB | 14/54 kBProgress (5): 706/810 kB | 140/334 kB | 16 kB | 55/151 kB | 14/54 kBProgress (5): 706/810 kB | 140/334 kB | 16 kB | 55/151 kB | 16/54 kBProgress (5): 706/810 kB | 140/334 kB | 16 kB | 58/151 kB | 16/54 kBProgress (5): 706/810 kB | 143/334 kB | 16 kB | 58/151 kB | 16/54 kBProgress (5): 706/810 kB | 143/334 kB | 16 kB | 60/151 kB | 16/54 kBProgress (5): 706/810 kB | 143/334 kB | 16 kB | 63/151 kB | 16/54 kBProgress (5): 711/810 kB | 143/334 kB | 16 kB | 63/151 kB | 16/54 kBProgress (5): 715/810 kB | 143/334 kB | 16 kB | 63/151 kB | 16/54 kBProgress (5): 719/810 kB | 143/334 kB | 16 kB | 63/151 kB | 16/54 kBProgress (5): 723/810 kB | 143/334 kB | 16 kB | 63/151 kB | 16/54 kBProgress (5): 723/810 kB | 145/334 kB | 16 kB | 63/151 kB | 16/54 kBProgress (5): 723/810 kB | 145/334 kB | 16 kB | 66/151 kB | 16/54 kBProgress (5): 723/810 kB | 145/334 kB | 16 kB | 66/151 kB | 19/54 kBProgress (5): 723/810 kB | 148/334 kB | 16 kB | 66/151 kB | 19/54 kBProgress (5): 723/810 kB | 148/334 kB | 16 kB | 69/151 kB | 19/54 kBProgress (5): 723/810 kB | 148/334 kB | 16 kB | 71/151 kB | 19/54 kBProgress (5): 723/810 kB | 148/334 kB | 16 kB | 71/151 kB | 22/54 kBProgress (5): 723/810 kB | 148/334 kB | 16 kB | 74/151 kB | 22/54 kBProgress (5): 723/810 kB | 151/334 kB | 16 kB | 74/151 kB | 22/54 kBProgress (5): 723/810 kB | 151/334 kB | 16 kB | 77/151 kB | 22/54 kBProgress (5): 727/810 kB | 151/334 kB | 16 kB | 77/151 kB | 22/54 kBProgress (5): 731/810 kB | 151/334 kB | 16 kB | 77/151 kB | 22/54 kBProgress (5): 735/810 kB | 151/334 kB | 16 kB | 77/151 kB | 22/54 kBProgress (5): 739/810 kB | 151/334 kB | 16 kB | 77/151 kB | 22/54 kBProgress (5): 739/810 kB | 151/334 kB | 16 kB | 80/151 kB | 22/54 kBProgress (5): 739/810 kB | 154/334 kB | 16 kB | 80/151 kB | 22/54 kBProgress (5): 739/810 kB | 154/334 kB | 16 kB | 82/151 kB | 22/54 kBProgress (5): 739/810 kB | 156/334 kB | 16 kB | 82/151 kB | 22/54 kBProgress (5): 739/810 kB | 156/334 kB | 16 kB | 85/151 kB | 22/54 kBProgress (5): 739/810 kB | 156/334 kB | 16 kB | 85/151 kB | 25/54 kBProgress (5): 739/810 kB | 159/334 kB | 16 kB | 85/151 kB | 25/54 kBProgress (5): 739/810 kB | 159/334 kB | 16 kB | 88/151 kB | 25/54 kBProgress (5): 739/810 kB | 159/334 kB | 16 kB | 88/151 kB | 27/54 kBProgress (5): 739/810 kB | 159/334 kB | 16 kB | 90/151 kB | 27/54 kBProgress (5): 743/810 kB | 159/334 kB | 16 kB | 90/151 kB | 27/54 kBProgress (5): 747/810 kB | 159/334 kB | 16 kB | 90/151 kB | 27/54 kBProgress (5): 751/810 kB | 159/334 kB | 16 kB | 90/151 kB | 27/54 kBProgress (5): 756/810 kB | 159/334 kB | 16 kB | 90/151 kB | 27/54 kBProgress (5): 756/810 kB | 159/334 kB | 16 kB | 93/151 kB | 27/54 kBProgress (5): 756/810 kB | 162/334 kB | 16 kB | 93/151 kB | 27/54 kBProgress (5): 756/810 kB | 162/334 kB | 16 kB | 93/151 kB | 30/54 kBProgress (5): 760/810 kB | 162/334 kB | 16 kB | 93/151 kB | 30/54 kBProgress (5): 764/810 kB | 162/334 kB | 16 kB | 93/151 kB | 30/54 kBProgress (5): 768/810 kB | 162/334 kB | 16 kB | 93/151 kB | 30/54 kBProgress (5): 772/810 kB | 162/334 kB | 16 kB | 93/151 kB | 30/54 kBProgress (5): 772/810 kB | 162/334 kB | 16 kB | 96/151 kB | 30/54 kBProgress (5): 772/810 kB | 165/334 kB | 16 kB | 96/151 kB | 30/54 kBProgress (5): 772/810 kB | 167/334 kB | 16 kB | 96/151 kB | 30/54 kBProgress (5): 772/810 kB | 167/334 kB | 16 kB | 96/151 kB | 33/54 kBProgress (5): 772/810 kB | 167/334 kB | 16 kB | 99/151 kB | 33/54 kBProgress (5): 772/810 kB | 167/334 kB | 16 kB | 101/151 kB | 33/54 kBProgress (5): 772/810 kB | 170/334 kB | 16 kB | 101/151 kB | 33/54 kBProgress (5): 772/810 kB | 170/334 kB | 16 kB | 101/151 kB | 36/54 kBProgress (5): 772/810 kB | 170/334 kB | 16 kB | 101/151 kB | 38/54 kBProgress (5): 772/810 kB | 170/334 kB | 16 kB | 104/151 kB | 38/54 kBProgress (5): 772/810 kB | 170/334 kB | 16 kB | 107/151 kB | 38/54 kBProgress (5): 772/810 kB | 170/334 kB | 16 kB | 110/151 kB | 38/54 kBProgress (5): 772/810 kB | 170/334 kB | 16 kB | 112/151 kB | 38/54 kBProgress (5): 772/810 kB | 170/334 kB | 16 kB | 115/151 kB | 38/54 kBProgress (5): 772/810 kB | 170/334 kB | 16 kB | 118/151 kB | 38/54 kBProgress (5): 772/810 kB | 170/334 kB | 16 kB | 121/151 kB | 38/54 kBProgress (5): 772/810 kB | 170/334 kB | 16 kB | 123/151 kB | 38/54 kBProgress (5): 772/810 kB | 173/334 kB | 16 kB | 123/151 kB | 38/54 kBProgress (5): 772/810 kB | 175/334 kB | 16 kB | 123/151 kB | 38/54 kBProgress (5): 772/810 kB | 175/334 kB | 16 kB | 126/151 kB | 38/54 kBProgress (5): 772/810 kB | 175/334 kB | 16 kB | 129/151 kB | 38/54 kBProgress (5): 772/810 kB | 178/334 kB | 16 kB | 129/151 kB | 38/54 kBProgress (5): 772/810 kB | 178/334 kB | 16 kB | 132/151 kB | 38/54 kBProgress (5): 776/810 kB | 178/334 kB | 16 kB | 132/151 kB | 38/54 kBProgress (5): 780/810 kB | 178/334 kB | 16 kB | 132/151 kB | 38/54 kBProgress (5): 784/810 kB | 178/334 kB | 16 kB | 132/151 kB | 38/54 kBProgress (5): 788/810 kB | 178/334 kB | 16 kB | 132/151 kB | 38/54 kBProgress (5): 788/810 kB | 181/334 kB | 16 kB | 132/151 kB | 38/54 kBProgress (5): 788/810 kB | 181/334 kB | 16 kB | 134/151 kB | 38/54 kBProgress (5): 788/810 kB | 181/334 kB | 16 kB | 137/151 kB | 38/54 kBProgress (5): 788/810 kB | 184/334 kB | 16 kB | 137/151 kB | 38/54 kBProgress (5): 788/810 kB | 184/334 kB | 16 kB | 137/151 kB | 41/54 kBProgress (5): 788/810 kB | 184/334 kB | 16 kB | 137/151 kB | 44/54 kBProgress (5): 788/810 kB | 184/334 kB | 16 kB | 137/151 kB | 47/54 kBProgress (5): 788/810 kB | 184/334 kB | 16 kB | 137/151 kB | 49/54 kBProgress (5): 792/810 kB | 184/334 kB | 16 kB | 137/151 kB | 49/54 kBProgress (5): 797/810 kB | 184/334 kB | 16 kB | 137/151 kB | 49/54 kBProgress (5): 801/810 kB | 184/334 kB | 16 kB | 137/151 kB | 49/54 kBProgress (5): 805/810 kB | 184/334 kB | 16 kB | 137/151 kB | 49/54 kB                                                                     Downloaded from central: https://repo.maven.apache.org/maven2/org/seleniumhq/selenium/selenium-safari-driver/3.141.59/selenium-safari-driver-3.141.59.jar (16 kB at 19 kB/s)
Downloading from central: https://repo.maven.apache.org/maven2/com/google/guava/guava/25.0-jre/guava-25.0-jre.jar
Progress (4): 809/810 kB | 184/334 kB | 137/151 kB | 49/54 kBProgress (4): 809/810 kB | 186/334 kB | 137/151 kB | 49/54 kBProgress (4): 809/810 kB | 186/334 kB | 137/151 kB | 52/54 kBProgress (4): 809/810 kB | 186/334 kB | 137/151 kB | 54 kB   Progress (4): 809/810 kB | 186/334 kB | 140/151 kB | 54 kBProgress (4): 809/810 kB | 189/334 kB | 140/151 kB | 54 kBProgress (4): 809/810 kB | 189/334 kB | 143/151 kB | 54 kBProgress (4): 809/810 kB | 192/334 kB | 143/151 kB | 54 kBProgress (4): 809/810 kB | 195/334 kB | 143/151 kB | 54 kBProgress (4): 810 kB | 195/334 kB | 143/151 kB | 54 kB    Progress (4): 810 kB | 197/334 kB | 143/151 kB | 54 kBProgress (4): 810 kB | 200/334 kB | 143/151 kB | 54 kBProgress (4): 810 kB | 203/334 kB | 143/151 kB | 54 kBProgress (4): 810 kB | 203/334 kB | 145/151 kB | 54 kBProgress (4): 810 kB | 203/334 kB | 148/151 kB | 54 kBProgress (4): 810 kB | 203/334 kB | 151/151 kB | 54 kBProgress (4): 810 kB | 203/334 kB | 151 kB | 54 kB    Progress (4): 810 kB | 206/334 kB | 151 kB | 54 kBProgress (4): 810 kB | 208/334 kB | 151 kB | 54 kBProgress (4): 810 kB | 211/334 kB | 151 kB | 54 kBProgress (4): 810 kB | 214/334 kB | 151 kB | 54 kBProgress (4): 810 kB | 217/334 kB | 151 kB | 54 kBProgress (4): 810 kB | 219/334 kB | 151 kB | 54 kBProgress (4): 810 kB | 222/334 kB | 151 kB | 54 kBProgress (4): 810 kB | 225/334 kB | 151 kB | 54 kBProgress (4): 810 kB | 228/334 kB | 151 kB | 54 kBProgress (4): 810 kB | 230/334 kB | 151 kB | 54 kBProgress (4): 810 kB | 233/334 kB | 151 kB | 54 kBProgress (4): 810 kB | 236/334 kB | 151 kB | 54 kBProgress (4): 810 kB | 239/334 kB | 151 kB | 54 kBProgress (4): 810 kB | 241/334 kB | 151 kB | 54 kBProgress (4): 810 kB | 244/334 kB | 151 kB | 54 kBProgress (4): 810 kB | 247/334 kB | 151 kB | 54 kBProgress (4): 810 kB | 250/334 kB | 151 kB | 54 kBProgress (4): 810 kB | 252/334 kB | 151 kB | 54 kBProgress (4): 810 kB | 255/334 kB | 151 kB | 54 kBProgress (4): 810 kB | 258/334 kB | 151 kB | 54 kBProgress (4): 810 kB | 260/334 kB | 151 kB | 54 kBProgress (4): 810 kB | 263/334 kB | 151 kB | 54 kB                                                  Downloaded from central: https://repo.maven.apache.org/maven2/org/apache/commons/commons-exec/1.3/commons-exec-1.3.jar (54 kB at 60 kB/s)
Downloading from central: https://repo.maven.apache.org/maven2/com/google/code/findbugs/jsr305/1.3.9/jsr305-1.3.9.jar
Progress (3): 810 kB | 266/334 kB | 151 kBProgress (3): 810 kB | 269/334 kB | 151 kBProgress (3): 810 kB | 271/334 kB | 151 kBProgress (4): 810 kB | 271/334 kB | 151 kB | 0/2.7 MB                                                     Downloaded from central: https://repo.maven.apache.org/maven2/org/seleniumhq/selenium/selenium-support/3.141.59/selenium-support-3.141.59.jar (151 kB at 163 kB/s)
Downloading from central: https://repo.maven.apache.org/maven2/org/checkerframework/checker-compat-qual/2.0.0/checker-compat-qual-2.0.0.jar
Progress (3): 810 kB | 274/334 kB | 0/2.7 MBProgress (3): 810 kB | 277/334 kB | 0/2.7 MBProgress (3): 810 kB | 280/334 kB | 0/2.7 MB                                            Downloaded from central: https://repo.maven.apache.org/maven2/org/seleniumhq/selenium/selenium-firefox-driver/3.141.59/selenium-firefox-driver-3.141.59.jar (810 kB at 869 kB/s)
Downloading from central: https://repo.maven.apache.org/maven2/com/google/errorprone/error_prone_annotations/2.1.3/error_prone_annotations-2.1.3.jar
Progress (2): 280/334 kB | 0/2.7 MBProgress (2): 282/334 kB | 0/2.7 MBProgress (2): 285/334 kB | 0/2.7 MBProgress (2): 285/334 kB | 0/2.7 MBProgress (2): 288/334 kB | 0/2.7 MBProgress (2): 291/334 kB | 0/2.7 MBProgress (2): 293/334 kB | 0/2.7 MBProgress (2): 296/334 kB | 0/2.7 MBProgress (2): 299/334 kB | 0/2.7 MBProgress (2): 299/334 kB | 0.1/2.7 MBProgress (3): 299/334 kB | 0.1/2.7 MB | 2.7/33 kBProgress (3): 302/334 kB | 0.1/2.7 MB | 2.7/33 kBProgress (3): 304/334 kB | 0.1/2.7 MB | 2.7/33 kBProgress (3): 307/334 kB | 0.1/2.7 MB | 2.7/33 kBProgress (3): 307/334 kB | 0.1/2.7 MB | 5.5/33 kBProgress (3): 310/334 kB | 0.1/2.7 MB | 5.5/33 kBProgress (3): 310/334 kB | 0.1/2.7 MB | 5.5/33 kBProgress (3): 313/334 kB | 0.1/2.7 MB | 5.5/33 kBProgress (3): 313/334 kB | 0.1/2.7 MB | 8.2/33 kBProgress (3): 313/334 kB | 0.1/2.7 MB | 11/33 kB Progress (3): 315/334 kB | 0.1/2.7 MB | 11/33 kBProgress (3): 315/334 kB | 0.1/2.7 MB | 11/33 kBProgress (3): 318/334 kB | 0.1/2.7 MB | 11/33 kBProgress (3): 318/334 kB | 0.1/2.7 MB | 14/33 kBProgress (3): 321/334 kB | 0.1/2.7 MB | 14/33 kBProgress (3): 324/334 kB | 0.1/2.7 MB | 14/33 kBProgress (3): 326/334 kB | 0.1/2.7 MB | 14/33 kBProgress (3): 326/334 kB | 0.1/2.7 MB | 16/33 kBProgress (3): 326/334 kB | 0.1/2.7 MB | 16/33 kBProgress (4): 326/334 kB | 0.1/2.7 MB | 16/33 kB | 2.7/32 kBProgress (4): 329/334 kB | 0.1/2.7 MB | 16/33 kB | 2.7/32 kBProgress (4): 329/334 kB | 0.1/2.7 MB | 16/33 kB | 5.5/32 kBProgress (4): 329/334 kB | 0.1/2.7 MB | 19/33 kB | 5.5/32 kBProgress (4): 329/334 kB | 0.1/2.7 MB | 19/33 kB | 8.2/32 kBProgress (4): 329/334 kB | 0.1/2.7 MB | 22/33 kB | 8.2/32 kBProgress (4): 329/334 kB | 0.1/2.7 MB | 22/33 kB | 11/32 kB Progress (4): 329/334 kB | 0.1/2.7 MB | 22/33 kB | 11/32 kBProgress (4): 332/334 kB | 0.1/2.7 MB | 22/33 kB | 11/32 kBProgress (4): 334 kB | 0.1/2.7 MB | 22/33 kB | 11/32 kB    Progress (4): 334 kB | 0.1/2.7 MB | 25/33 kB | 11/32 kBProgress (4): 334 kB | 0.1/2.7 MB | 25/33 kB | 14/32 kBProgress (4): 334 kB | 0.1/2.7 MB | 25/33 kB | 16/32 kBProgress (4): 334 kB | 0.1/2.7 MB | 27/33 kB | 16/32 kBProgress (4): 334 kB | 0.1/2.7 MB | 27/33 kB | 16/32 kBProgress (4): 334 kB | 0.1/2.7 MB | 27/33 kB | 19/32 kBProgress (4): 334 kB | 0.1/2.7 MB | 30/33 kB | 19/32 kBProgress (4): 334 kB | 0.2/2.7 MB | 30/33 kB | 19/32 kBProgress (4): 334 kB | 0.2/2.7 MB | 30/33 kB | 22/32 kBProgress (4): 334 kB | 0.2/2.7 MB | 33/33 kB | 22/32 kBProgress (4): 334 kB | 0.2/2.7 MB | 33 kB | 22/32 kB   Progress (4): 334 kB | 0.2/2.7 MB | 33 kB | 25/32 kBProgress (4): 334 kB | 0.2/2.7 MB | 33 kB | 27/32 kBProgress (4): 334 kB | 0.2/2.7 MB | 33 kB | 27/32 kBProgress (5): 334 kB | 0.2/2.7 MB | 33 kB | 27/32 kB | 4.1/14 kBProgress (5): 334 kB | 0.2/2.7 MB | 33 kB | 27/32 kB | 4.1/14 kBProgress (5): 334 kB | 0.2/2.7 MB | 33 kB | 27/32 kB | 8.2/14 kBProgress (5): 334 kB | 0.2/2.7 MB | 33 kB | 27/32 kB | 12/14 kB Progress (5): 334 kB | 0.2/2.7 MB | 33 kB | 30/32 kB | 12/14 kBProgress (5): 334 kB | 0.2/2.7 MB | 33 kB | 32 kB | 12/14 kB   Progress (5): 334 kB | 0.2/2.7 MB | 33 kB | 32 kB | 14 kB   Progress (5): 334 kB | 0.2/2.7 MB | 33 kB | 32 kB | 14 kBProgress (5): 334 kB | 0.2/2.7 MB | 33 kB | 32 kB | 14 kBProgress (5): 334 kB | 0.2/2.7 MB | 33 kB | 32 kB | 14 kBProgress (5): 334 kB | 0.3/2.7 MB | 33 kB | 32 kB | 14 kBProgress (5): 334 kB | 0.3/2.7 MB | 33 kB | 32 kB | 14 kB                                                         Downloaded from central: https://repo.maven.apache.org/maven2/org/seleniumhq/selenium/selenium-remote-driver/3.141.59/selenium-remote-driver-3.141.59.jar (334 kB at 309 kB/s)
Downloading from central: https://repo.maven.apache.org/maven2/com/google/j2objc/j2objc-annotations/1.1/j2objc-annotations-1.1.jar
Downloaded from central: https://repo.maven.apache.org/maven2/com/google/code/findbugs/jsr305/1.3.9/jsr305-1.3.9.jar (33 kB at 31 kB/s)
Downloading from central: https://repo.maven.apache.org/maven2/org/codehaus/mojo/animal-sniffer-annotations/1.14/animal-sniffer-annotations-1.14.jar
Progress (3): 0.3/2.7 MB | 32 kB | 14 kBProgress (3): 0.3/2.7 MB | 32 kB | 14 kBProgress (3): 0.3/2.7 MB | 32 kB | 14 kB                                        Downloaded from central: https://repo.maven.apache.org/maven2/com/google/errorprone/error_prone_annotations/2.1.3/error_prone_annotations-2.1.3.jar (14 kB at 12 kB/s)
Downloading from central: https://repo.maven.apache.org/maven2/com/squareup/okhttp3/okhttp/3.14.6/okhttp-3.14.6.jar
Progress (2): 0.3/2.7 MB | 32 kB                                Downloaded from central: https://repo.maven.apache.org/maven2/org/checkerframework/checker-compat-qual/2.0.0/checker-compat-qual-2.0.0.jar (32 kB at 28 kB/s)
Downloading from central: https://repo.maven.apache.org/maven2/com/squareup/okio/okio/1.14.0/okio-1.14.0.jar
Progress (1): 0.4/2.7 MBProgress (1): 0.4/2.7 MBProgress (1): 0.4/2.7 MBProgress (1): 0.4/2.7 MBProgress (2): 0.4/2.7 MB | 2.7/8.8 kBProgress (2): 0.4/2.7 MB | 5.5/8.8 kBProgress (2): 0.4/2.7 MB | 8.2/8.8 kBProgress (2): 0.4/2.7 MB | 8.8 kB    Progress (2): 0.4/2.7 MB | 8.8 kBProgress (2): 0.4/2.7 MB | 8.8 kBProgress (3): 0.4/2.7 MB | 8.8 kB | 3.5 kBProgress (3): 0.5/2.7 MB | 8.8 kB | 3.5 kBProgress (3): 0.5/2.7 MB | 8.8 kB | 3.5 kBProgress (3): 0.5/2.7 MB | 8.8 kB | 3.5 kBProgress (3): 0.5/2.7 MB | 8.8 kB | 3.5 kBProgress (3): 0.5/2.7 MB | 8.8 kB | 3.5 kBProgress (3): 0.5/2.7 MB | 8.8 kB | 3.5 kBProgress (4): 0.5/2.7 MB | 8.8 kB | 3.5 kB | 2.7/86 kBProgress (4): 0.5/2.7 MB | 8.8 kB | 3.5 kB | 5.5/86 kBProgress (4): 0.5/2.7 MB | 8.8 kB | 3.5 kB | 8.2/86 kBProgress (4): 0.6/2.7 MB | 8.8 kB | 3.5 kB | 8.2/86 kBProgress (5): 0.6/2.7 MB | 8.8 kB | 3.5 kB | 8.2/86 kB | 4.1/428 kBProgress (5): 0.6/2.7 MB | 8.8 kB | 3.5 kB | 8.2/86 kB | 8.2/428 kBProgress (5): 0.6/2.7 MB | 8.8 kB | 3.5 kB | 8.2/86 kB | 12/428 kB Progress (5): 0.6/2.7 MB | 8.8 kB | 3.5 kB | 8.2/86 kB | 16/428 kBProgress (5): 0.6/2.7 MB | 8.8 kB | 3.5 kB | 11/86 kB | 16/428 kB Progress (5): 0.6/2.7 MB | 8.8 kB | 3.5 kB | 14/86 kB | 16/428 kBProgress (5): 0.6/2.7 MB | 8.8 kB | 3.5 kB | 16/86 kB | 16/428 kBProgress (5): 0.6/2.7 MB | 8.8 kB | 3.5 kB | 19/86 kB | 16/428 kBProgress (5): 0.6/2.7 MB | 8.8 kB | 3.5 kB | 22/86 kB | 16/428 kBProgress (5): 0.6/2.7 MB | 8.8 kB | 3.5 kB | 25/86 kB | 16/428 kBProgress (5): 0.6/2.7 MB | 8.8 kB | 3.5 kB | 27/86 kB | 16/428 kBProgress (5): 0.6/2.7 MB | 8.8 kB | 3.5 kB | 27/86 kB | 16/428 kBProgress (5): 0.6/2.7 MB | 8.8 kB | 3.5 kB | 27/86 kB | 20/428 kBProgress (5): 0.6/2.7 MB | 8.8 kB | 3.5 kB | 27/86 kB | 25/428 kBProgress (5): 0.6/2.7 MB | 8.8 kB | 3.5 kB | 27/86 kB | 29/428 kBProgress (5): 0.6/2.7 MB | 8.8 kB | 3.5 kB | 27/86 kB | 33/428 kBProgress (5): 0.6/2.7 MB | 8.8 kB | 3.5 kB | 30/86 kB | 33/428 kBProgress (5): 0.6/2.7 MB | 8.8 kB | 3.5 kB | 33/86 kB | 33/428 kBProgress (5): 0.6/2.7 MB | 8.8 kB | 3.5 kB | 36/86 kB | 33/428 kBProgress (5): 0.6/2.7 MB | 8.8 kB | 3.5 kB | 38/86 kB | 33/428 kBProgress (5): 0.6/2.7 MB | 8.8 kB | 3.5 kB | 38/86 kB | 37/428 kBProgress (5): 0.6/2.7 MB | 8.8 kB | 3.5 kB | 38/86 kB | 41/428 kBProgress (5): 0.6/2.7 MB | 8.8 kB | 3.5 kB | 41/86 kB | 41/428 kBProgress (5): 0.6/2.7 MB | 8.8 kB | 3.5 kB | 41/86 kB | 45/428 kBProgress (5): 0.6/2.7 MB | 8.8 kB | 3.5 kB | 41/86 kB | 49/428 kBProgress (5): 0.6/2.7 MB | 8.8 kB | 3.5 kB | 44/86 kB | 49/428 kBProgress (5): 0.6/2.7 MB | 8.8 kB | 3.5 kB | 47/86 kB | 49/428 kBProgress (5): 0.6/2.7 MB | 8.8 kB | 3.5 kB | 49/86 kB | 49/428 kBProgress (5): 0.6/2.7 MB | 8.8 kB | 3.5 kB | 49/86 kB | 53/428 kBProgress (5): 0.6/2.7 MB | 8.8 kB | 3.5 kB | 52/86 kB | 53/428 kBProgress (5): 0.6/2.7 MB | 8.8 kB | 3.5 kB | 52/86 kB | 57/428 kBProgress (5): 0.6/2.7 MB | 8.8 kB | 3.5 kB | 52/86 kB | 61/428 kBProgress (5): 0.6/2.7 MB | 8.8 kB | 3.5 kB | 52/86 kB | 66/428 kBProgress (5): 0.6/2.7 MB | 8.8 kB | 3.5 kB | 55/86 kB | 66/428 kBProgress (5): 0.6/2.7 MB | 8.8 kB | 3.5 kB | 58/86 kB | 66/428 kBProgress (5): 0.6/2.7 MB | 8.8 kB | 3.5 kB | 60/86 kB | 66/428 kBProgress (5): 0.6/2.7 MB | 8.8 kB | 3.5 kB | 60/86 kB | 70/428 kBProgress (5): 0.6/2.7 MB | 8.8 kB | 3.5 kB | 60/86 kB | 74/428 kBProgress (5): 0.6/2.7 MB | 8.8 kB | 3.5 kB | 60/86 kB | 78/428 kBProgress (5): 0.6/2.7 MB | 8.8 kB | 3.5 kB | 60/86 kB | 82/428 kBProgress (5): 0.6/2.7 MB | 8.8 kB | 3.5 kB | 63/86 kB | 82/428 kBProgress (5): 0.6/2.7 MB | 8.8 kB | 3.5 kB | 66/86 kB | 82/428 kBProgress (5): 0.6/2.7 MB | 8.8 kB | 3.5 kB | 66/86 kB | 86/428 kBProgress (5): 0.6/2.7 MB | 8.8 kB | 3.5 kB | 66/86 kB | 90/428 kBProgress (5): 0.6/2.7 MB | 8.8 kB | 3.5 kB | 66/86 kB | 94/428 kBProgress (5): 0.6/2.7 MB | 8.8 kB | 3.5 kB | 66/86 kB | 98/428 kBProgress (5): 0.6/2.7 MB | 8.8 kB | 3.5 kB | 66/86 kB | 98/428 kBProgress (5): 0.6/2.7 MB | 8.8 kB | 3.5 kB | 66/86 kB | 102/428 kBProgress (5): 0.6/2.7 MB | 8.8 kB | 3.5 kB | 66/86 kB | 106/428 kBProgress (5): 0.6/2.7 MB | 8.8 kB | 3.5 kB | 66/86 kB | 111/428 kBProgress (5): 0.6/2.7 MB | 8.8 kB | 3.5 kB | 66/86 kB | 115/428 kBProgress (5): 0.6/2.7 MB | 8.8 kB | 3.5 kB | 66/86 kB | 115/428 kBProgress (5): 0.6/2.7 MB | 8.8 kB | 3.5 kB | 66/86 kB | 115/428 kB                                                                  Downloaded from central: https://repo.maven.apache.org/maven2/org/codehaus/mojo/animal-sniffer-annotations/1.14/animal-sniffer-annotations-1.14.jar (3.5 kB at 2.6 kB/s)
Progress (4): 0.6/2.7 MB | 8.8 kB | 66/86 kB | 115/428 kB                                                         Downloaded from central: https://repo.maven.apache.org/maven2/com/google/j2objc/j2objc-annotations/1.1/j2objc-annotations-1.1.jar (8.8 kB at 6.6 kB/s)
Progress (3): 0.7/2.7 MB | 66/86 kB | 115/428 kBProgress (3): 0.7/2.7 MB | 66/86 kB | 115/428 kBProgress (3): 0.7/2.7 MB | 69/86 kB | 115/428 kBProgress (3): 0.7/2.7 MB | 69/86 kB | 119/428 kBProgress (3): 0.7/2.7 MB | 69/86 kB | 123/428 kBProgress (3): 0.7/2.7 MB | 69/86 kB | 127/428 kBProgress (3): 0.7/2.7 MB | 69/86 kB | 131/428 kBProgress (3): 0.7/2.7 MB | 71/86 kB | 131/428 kBProgress (3): 0.7/2.7 MB | 74/86 kB | 131/428 kBProgress (3): 0.7/2.7 MB | 74/86 kB | 131/428 kBProgress (3): 0.7/2.7 MB | 77/86 kB | 131/428 kBProgress (3): 0.7/2.7 MB | 80/86 kB | 131/428 kBProgress (3): 0.7/2.7 MB | 82/86 kB | 131/428 kBProgress (3): 0.7/2.7 MB | 85/86 kB | 131/428 kBProgress (3): 0.7/2.7 MB | 85/86 kB | 131/428 kBProgress (3): 0.7/2.7 MB | 86 kB | 131/428 kB   Progress (3): 0.7/2.7 MB | 86 kB | 135/428 kBProgress (3): 0.7/2.7 MB | 86 kB | 139/428 kBProgress (3): 0.7/2.7 MB | 86 kB | 143/428 kBProgress (3): 0.7/2.7 MB | 86 kB | 147/428 kBProgress (3): 0.7/2.7 MB | 86 kB | 152/428 kBProgress (3): 0.7/2.7 MB | 86 kB | 156/428 kBProgress (3): 0.7/2.7 MB | 86 kB | 160/428 kBProgress (3): 0.7/2.7 MB | 86 kB | 164/428 kBProgress (3): 0.7/2.7 MB | 86 kB | 164/428 kBProgress (3): 0.7/2.7 MB | 86 kB | 168/428 kBProgress (3): 0.7/2.7 MB | 86 kB | 172/428 kBProgress (3): 0.7/2.7 MB | 86 kB | 176/428 kBProgress (3): 0.7/2.7 MB | 86 kB | 180/428 kBProgress (3): 0.7/2.7 MB | 86 kB | 180/428 kBProgress (3): 0.7/2.7 MB | 86 kB | 184/428 kBProgress (3): 0.7/2.7 MB | 86 kB | 188/428 kBProgress (3): 0.7/2.7 MB | 86 kB | 193/428 kBProgress (3): 0.7/2.7 MB | 86 kB | 197/428 kBProgress (3): 0.8/2.7 MB | 86 kB | 197/428 kBProgress (3): 0.8/2.7 MB | 86 kB | 201/428 kBProgress (3): 0.8/2.7 MB | 86 kB | 205/428 kBProgress (3): 0.8/2.7 MB | 86 kB | 205/428 kBProgress (3): 0.8/2.7 MB | 86 kB | 209/428 kBProgress (3): 0.8/2.7 MB | 86 kB | 213/428 kBProgress (3): 0.8/2.7 MB | 86 kB | 217/428 kBProgress (3): 0.8/2.7 MB | 86 kB | 221/428 kBProgress (3): 0.8/2.7 MB | 86 kB | 225/428 kBProgress (3): 0.8/2.7 MB | 86 kB | 229/428 kBProgress (3): 0.8/2.7 MB | 86 kB | 233/428 kBProgress (3): 0.8/2.7 MB | 86 kB | 238/428 kBProgress (3): 0.8/2.7 MB | 86 kB | 242/428 kBProgress (3): 0.8/2.7 MB | 86 kB | 246/428 kBProgress (3): 0.8/2.7 MB | 86 kB | 246/428 kBProgress (3): 0.8/2.7 MB | 86 kB | 250/428 kBProgress (3): 0.8/2.7 MB | 86 kB | 254/428 kBProgress (3): 0.8/2.7 MB | 86 kB | 258/428 kBProgress (3): 0.8/2.7 MB | 86 kB | 262/428 kBProgress (3): 0.8/2.7 MB | 86 kB | 262/428 kBProgress (3): 0.8/2.7 MB | 86 kB | 262/428 kBProgress (3): 0.8/2.7 MB | 86 kB | 262/428 kBProgress (3): 0.8/2.7 MB | 86 kB | 262/428 kBProgress (3): 0.9/2.7 MB | 86 kB | 262/428 kB                                             Downloaded from central: https://repo.maven.apache.org/maven2/com/squareup/okio/okio/1.14.0/okio-1.14.0.jar (86 kB at 58 kB/s)
Progress (2): 0.9/2.7 MB | 266/428 kBProgress (2): 0.9/2.7 MB | 270/428 kBProgress (2): 0.9/2.7 MB | 274/428 kBProgress (2): 0.9/2.7 MB | 279/428 kBProgress (2): 0.9/2.7 MB | 279/428 kBProgress (2): 0.9/2.7 MB | 279/428 kBProgress (2): 0.9/2.7 MB | 283/428 kBProgress (2): 0.9/2.7 MB | 287/428 kBProgress (2): 0.9/2.7 MB | 291/428 kBProgress (2): 0.9/2.7 MB | 295/428 kBProgress (2): 0.9/2.7 MB | 299/428 kBProgress (2): 0.9/2.7 MB | 303/428 kBProgress (2): 0.9/2.7 MB | 307/428 kBProgress (2): 0.9/2.7 MB | 311/428 kBProgress (2): 0.9/2.7 MB | 311/428 kBProgress (2): 0.9/2.7 MB | 315/428 kBProgress (2): 0.9/2.7 MB | 319/428 kBProgress (2): 0.9/2.7 MB | 319/428 kBProgress (2): 0.9/2.7 MB | 324/428 kBProgress (2): 0.9/2.7 MB | 328/428 kBProgress (2): 0.9/2.7 MB | 332/428 kBProgress (2): 0.9/2.7 MB | 336/428 kBProgress (2): 0.9/2.7 MB | 340/428 kBProgress (2): 0.9/2.7 MB | 344/428 kBProgress (2): 0.9/2.7 MB | 348/428 kBProgress (2): 0.9/2.7 MB | 352/428 kBProgress (2): 0.9/2.7 MB | 356/428 kBProgress (2): 0.9/2.7 MB | 360/428 kBProgress (2): 0.9/2.7 MB | 365/428 kBProgress (2): 0.9/2.7 MB | 369/428 kBProgress (2): 0.9/2.7 MB | 373/428 kBProgress (2): 0.9/2.7 MB | 377/428 kBProgress (2): 0.9/2.7 MB | 377/428 kBProgress (2): 0.9/2.7 MB | 381/428 kBProgress (2): 0.9/2.7 MB | 385/428 kBProgress (2): 0.9/2.7 MB | 389/428 kBProgress (2): 0.9/2.7 MB | 393/428 kBProgress (2): 1.0/2.7 MB | 393/428 kBProgress (2): 1.0/2.7 MB | 393/428 kBProgress (2): 1.0/2.7 MB | 397/428 kBProgress (2): 1.0/2.7 MB | 401/428 kBProgress (2): 1.0/2.7 MB | 406/428 kBProgress (2): 1.0/2.7 MB | 410/428 kBProgress (2): 1.0/2.7 MB | 414/428 kBProgress (2): 1.0/2.7 MB | 418/428 kBProgress (2): 1.0/2.7 MB | 422/428 kBProgress (2): 1.0/2.7 MB | 426/428 kBProgress (2): 1.0/2.7 MB | 426/428 kBProgress (2): 1.0/2.7 MB | 428 kB    Progress (2): 1.0/2.7 MB | 428 kBProgress (2): 1.0/2.7 MB | 428 kBProgress (2): 1.0/2.7 MB | 428 kBProgress (2): 1.1/2.7 MB | 428 kBProgress (2): 1.1/2.7 MB | 428 kBProgress (2): 1.1/2.7 MB | 428 kBProgress (2): 1.1/2.7 MB | 428 kBProgress (2): 1.1/2.7 MB | 428 kBProgress (2): 1.1/2.7 MB | 428 kBProgress (2): 1.2/2.7 MB | 428 kBProgress (2): 1.2/2.7 MB | 428 kBProgress (2): 1.2/2.7 MB | 428 kB                                 Downloaded from central: https://repo.maven.apache.org/maven2/com/squareup/okhttp3/okhttp/3.14.6/okhttp-3.14.6.jar (428 kB at 247 kB/s)
Progress (1): 1.2/2.7 MBProgress (1): 1.2/2.7 MBProgress (1): 1.2/2.7 MBProgress (1): 1.3/2.7 MBProgress (1): 1.3/2.7 MBProgress (1): 1.3/2.7 MBProgress (1): 1.3/2.7 MBProgress (1): 1.3/2.7 MBProgress (1): 1.3/2.7 MBProgress (1): 1.4/2.7 MBProgress (1): 1.4/2.7 MBProgress (1): 1.4/2.7 MBProgress (1): 1.4/2.7 MBProgress (1): 1.4/2.7 MBProgress (1): 1.4/2.7 MBProgress (1): 1.5/2.7 MBProgress (1): 1.5/2.7 MBProgress (1): 1.5/2.7 MBProgress (1): 1.5/2.7 MBProgress (1): 1.5/2.7 MBProgress (1): 1.5/2.7 MBProgress (1): 1.6/2.7 MBProgress (1): 1.6/2.7 MBProgress (1): 1.6/2.7 MBProgress (1): 1.6/2.7 MBProgress (1): 1.6/2.7 MBProgress (1): 1.6/2.7 MBProgress (1): 1.7/2.7 MBProgress (1): 1.7/2.7 MBProgress (1): 1.7/2.7 MBProgress (1): 1.7/2.7 MBProgress (1): 1.7/2.7 MBProgress (1): 1.7/2.7 MBProgress (1): 1.8/2.7 MBProgress (1): 1.8/2.7 MBProgress (1): 1.8/2.7 MBProgress (1): 1.8/2.7 MBProgress (1): 1.8/2.7 MBProgress (1): 1.8/2.7 MBProgress (1): 1.8/2.7 MBProgress (1): 1.9/2.7 MBProgress (1): 1.9/2.7 MBProgress (1): 1.9/2.7 MBProgress (1): 1.9/2.7 MBProgress (1): 1.9/2.7 MBProgress (1): 1.9/2.7 MBProgress (1): 2.0/2.7 MBProgress (1): 2.0/2.7 MBProgress (1): 2.0/2.7 MBProgress (1): 2.0/2.7 MBProgress (1): 2.0/2.7 MBProgress (1): 2.0/2.7 MBProgress (1): 2.1/2.7 MBProgress (1): 2.1/2.7 MBProgress (1): 2.1/2.7 MBProgress (1): 2.1/2.7 MBProgress (1): 2.1/2.7 MBProgress (1): 2.1/2.7 MBProgress (1): 2.2/2.7 MBProgress (1): 2.2/2.7 MBProgress (1): 2.2/2.7 MBProgress (1): 2.2/2.7 MBProgress (1): 2.2/2.7 MBProgress (1): 2.2/2.7 MBProgress (1): 2.3/2.7 MBProgress (1): 2.3/2.7 MBProgress (1): 2.3/2.7 MBProgress (1): 2.3/2.7 MBProgress (1): 2.3/2.7 MBProgress (1): 2.3/2.7 MBProgress (1): 2.4/2.7 MBProgress (1): 2.4/2.7 MBProgress (1): 2.4/2.7 MBProgress (1): 2.4/2.7 MBProgress (1): 2.4/2.7 MBProgress (1): 2.4/2.7 MBProgress (1): 2.5/2.7 MBProgress (1): 2.5/2.7 MBProgress (1): 2.5/2.7 MBProgress (1): 2.5/2.7 MBProgress (1): 2.5/2.7 MBProgress (1): 2.5/2.7 MBProgress (1): 2.6/2.7 MBProgress (1): 2.6/2.7 MBProgress (1): 2.6/2.7 MBProgress (1): 2.6/2.7 MBProgress (1): 2.6/2.7 MBProgress (1): 2.6/2.7 MBProgress (1): 2.7/2.7 MBProgress (1): 2.7/2.7 MBProgress (1): 2.7/2.7 MBProgress (1): 2.7/2.7 MBProgress (1): 2.7/2.7 MBProgress (1): 2.7/2.7 MBProgress (1): 2.7 MB                        Downloaded from central: https://repo.maven.apache.org/maven2/com/google/guava/guava/25.0-jre/guava-25.0-jre.jar (2.7 MB at 1.1 MB/s)
[INFO] 
[8mha:////4ESjlfsZ6GuRKua8ywCERsx9RwE1UPzNXxD3VPONVER2AAAAYB+LCAAAAAAAAP9b85aBtbiIQSmjNKU4P0+vJLE4u1gvPjexLDVPzxdEGvvmZ+X75ZekLlOVfvTjc8FPJgaGiiIGKaiG5Py84vycVD1nCA1SyAABjCCFBQCV27OjYAAAAA==[0m[INFO] --- maven-resources-plugin:3.1.0:resources (default-resources) @ panda ---
[INFO] Using 'UTF-8' encoding to copy filtered resources.
[INFO] Copying 1 resource
[INFO] Copying 2 resources
[INFO] 
[8mha:////4ESjlfsZ6GuRKua8ywCERsx9RwE1UPzNXxD3VPONVER2AAAAYB+LCAAAAAAAAP9b85aBtbiIQSmjNKU4P0+vJLE4u1gvPjexLDVPzxdEGvvmZ+X75ZekLlOVfvTjc8FPJgaGiiIGKaiG5Py84vycVD1nCA1SyAABjCCFBQCV27OjYAAAAA==[0m[INFO] --- maven-compiler-plugin:3.8.1:compile (default-compile) @ panda ---
[INFO] Changes detected - recompiling the module!
[INFO] Compiling 2 source files to /var/jenkins_home/workspace/Maven/target/classes
[INFO] 
[8mha:////4ESjlfsZ6GuRKua8ywCERsx9RwE1UPzNXxD3VPONVER2AAAAYB+LCAAAAAAAAP9b85aBtbiIQSmjNKU4P0+vJLE4u1gvPjexLDVPzxdEGvvmZ+X75ZekLlOVfvTjc8FPJgaGiiIGKaiG5Py84vycVD1nCA1SyAABjCCFBQCV27OjYAAAAA==[0m[INFO] --- maven-compiler-plugin:3.8.1:compile (default) @ panda ---
[INFO] Changes detected - recompiling the module!
[INFO] Compiling 2 source files to /var/jenkins_home/workspace/Maven/target/classes
[INFO] 
[8mha:////4ESjlfsZ6GuRKua8ywCERsx9RwE1UPzNXxD3VPONVER2AAAAYB+LCAAAAAAAAP9b85aBtbiIQSmjNKU4P0+vJLE4u1gvPjexLDVPzxdEGvvmZ+X75ZekLlOVfvTjc8FPJgaGiiIGKaiG5Py84vycVD1nCA1SyAABjCCFBQCV27OjYAAAAA==[0m[INFO] --- maven-resources-plugin:3.1.0:testResources (default-testResources) @ panda ---
[INFO] Using 'UTF-8' encoding to copy filtered resources.
[INFO] skip non existing resourceDirectory /var/jenkins_home/workspace/Maven/src/test/resources
[INFO] 
[8mha:////4ESjlfsZ6GuRKua8ywCERsx9RwE1UPzNXxD3VPONVER2AAAAYB+LCAAAAAAAAP9b85aBtbiIQSmjNKU4P0+vJLE4u1gvPjexLDVPzxdEGvvmZ+X75ZekLlOVfvTjc8FPJgaGiiIGKaiG5Py84vycVD1nCA1SyAABjCCFBQCV27OjYAAAAA==[0m[INFO] --- maven-compiler-plugin:3.8.1:testCompile (default-testCompile) @ panda ---
[INFO] Changes detected - recompiling the module!
[INFO] Compiling 3 source files to /var/jenkins_home/workspace/Maven/target/test-classes
[INFO] 
[8mha:////4ESjlfsZ6GuRKua8ywCERsx9RwE1UPzNXxD3VPONVER2AAAAYB+LCAAAAAAAAP9b85aBtbiIQSmjNKU4P0+vJLE4u1gvPjexLDVPzxdEGvvmZ+X75ZekLlOVfvTjc8FPJgaGiiIGKaiG5Py84vycVD1nCA1SyAABjCCFBQCV27OjYAAAAA==[0m[INFO] --- maven-surefire-plugin:2.22.2:test (default-test) @ panda ---
[INFO] 
[INFO] -------------------------------------------------------
[INFO]  T E S T S
[INFO] -------------------------------------------------------
[INFO] Running pl.pandait.panda.PandaApplicationSeleniumTest
18:09:10.277 [main] DEBUG org.springframework.test.context.BootstrapUtils - Instantiating CacheAwareContextLoaderDelegate from class [org.springframework.test.context.cache.DefaultCacheAwareContextLoaderDelegate]
18:09:10.297 [main] DEBUG org.springframework.test.context.BootstrapUtils - Instantiating BootstrapContext using constructor [public org.springframework.test.context.support.DefaultBootstrapContext(java.lang.Class,org.springframework.test.context.CacheAwareContextLoaderDelegate)]
18:09:10.358 [main] DEBUG org.springframework.test.context.BootstrapUtils - Instantiating TestContextBootstrapper for test class [pl.pandait.panda.PandaApplicationSeleniumTest] from class [org.springframework.boot.test.context.SpringBootTestContextBootstrapper]
18:09:10.382 [main] INFO org.springframework.boot.test.context.SpringBootTestContextBootstrapper - Neither @ContextConfiguration nor @ContextHierarchy found for test class [pl.pandait.panda.PandaApplicationSeleniumTest], using SpringBootContextLoader
18:09:10.391 [main] DEBUG org.springframework.test.context.support.AbstractContextLoader - Did not detect default resource location for test class [pl.pandait.panda.PandaApplicationSeleniumTest]: class path resource [pl/pandait/panda/PandaApplicationSeleniumTest-context.xml] does not exist
18:09:10.393 [main] DEBUG org.springframework.test.context.support.AbstractContextLoader - Did not detect default resource location for test class [pl.pandait.panda.PandaApplicationSeleniumTest]: class path resource [pl/pandait/panda/PandaApplicationSeleniumTestContext.groovy] does not exist
18:09:10.393 [main] INFO org.springframework.test.context.support.AbstractContextLoader - Could not detect default resource locations for test class [pl.pandait.panda.PandaApplicationSeleniumTest]: no resource found for suffixes {-context.xml, Context.groovy}.
18:09:10.450 [main] DEBUG org.springframework.test.context.support.ActiveProfilesUtils - Could not find an 'annotation declaring class' for annotation type [org.springframework.test.context.ActiveProfiles] and class [pl.pandait.panda.PandaApplicationSeleniumTest]
18:09:10.668 [main] DEBUG org.springframework.boot.test.context.SpringBootTestContextBootstrapper - @TestExecutionListeners is not present for class [pl.pandait.panda.PandaApplicationSeleniumTest]: using defaults.
18:09:10.669 [main] INFO org.springframework.boot.test.context.SpringBootTestContextBootstrapper - Loaded default TestExecutionListener class names from location [META-INF/spring.factories]: [org.springframework.boot.test.mock.mockito.MockitoTestExecutionListener, org.springframework.boot.test.mock.mockito.ResetMocksTestExecutionListener, org.springframework.boot.test.autoconfigure.restdocs.RestDocsTestExecutionListener, org.springframework.boot.test.autoconfigure.web.client.MockRestServiceServerResetTestExecutionListener, org.springframework.boot.test.autoconfigure.web.servlet.MockMvcPrintOnlyOnFailureTestExecutionListener, org.springframework.boot.test.autoconfigure.web.servlet.WebDriverTestExecutionListener, org.springframework.test.context.web.ServletTestExecutionListener, org.springframework.test.context.support.DirtiesContextBeforeModesTestExecutionListener, org.springframework.test.context.support.DependencyInjectionTestExecutionListener, org.springframework.test.context.support.DirtiesContextTestExecutionListener, org.springframework.test.context.transaction.TransactionalTestExecutionListener, org.springframework.test.context.jdbc.SqlScriptsTestExecutionListener, org.springframework.test.context.event.EventPublishingTestExecutionListener]
18:09:10.696 [main] DEBUG org.springframework.boot.test.context.SpringBootTestContextBootstrapper - Skipping candidate TestExecutionListener [org.springframework.test.context.transaction.TransactionalTestExecutionListener] due to a missing dependency. Specify custom listener classes or make the default listener classes and their required dependencies available. Offending class: [org/springframework/transaction/TransactionDefinition]
18:09:10.699 [main] DEBUG org.springframework.boot.test.context.SpringBootTestContextBootstrapper - Skipping candidate TestExecutionListener [org.springframework.test.context.jdbc.SqlScriptsTestExecutionListener] due to a missing dependency. Specify custom listener classes or make the default listener classes and their required dependencies available. Offending class: [org/springframework/transaction/interceptor/TransactionAttribute]
18:09:10.700 [main] INFO org.springframework.boot.test.context.SpringBootTestContextBootstrapper - Using TestExecutionListeners: [org.springframework.test.context.web.ServletTestExecutionListener@495fac5f, org.springframework.test.context.support.DirtiesContextBeforeModesTestExecutionListener@76012793, org.springframework.boot.test.mock.mockito.MockitoTestExecutionListener@635572a7, org.springframework.boot.test.autoconfigure.SpringBootDependencyInjectionTestExecutionListener@79d94571, org.springframework.test.context.support.DirtiesContextTestExecutionListener@4dd02341, org.springframework.test.context.event.EventPublishingTestExecutionListener@3212a8d7, org.springframework.boot.test.mock.mockito.ResetMocksTestExecutionListener@7a1a3478, org.springframework.boot.test.autoconfigure.restdocs.RestDocsTestExecutionListener@495b0487, org.springframework.boot.test.autoconfigure.web.client.MockRestServiceServerResetTestExecutionListener@55dfcc6, org.springframework.boot.test.autoconfigure.web.servlet.MockMvcPrintOnlyOnFailureTestExecutionListener@222eb8aa, org.springframework.boot.test.autoconfigure.web.servlet.WebDriverTestExecutionListener@93cf163]
18:09:10.705 [main] DEBUG org.springframework.test.context.support.AbstractDirtiesContextTestExecutionListener - Before test class: context [DefaultTestContext@5023bb8b testClass = PandaApplicationSeleniumTest, testInstance = [null], testMethod = [null], testException = [null], mergedContextConfiguration = [WebMergedContextConfiguration@5d5f10b2 testClass = PandaApplicationSeleniumTest, locations = '{}', classes = '{class pl.pandait.panda.PandaApplication, class pl.pandait.panda.PandaApplication}', contextInitializerClasses = '[]', activeProfiles = '{}', propertySourceLocations = '{}', propertySourceProperties = '{org.springframework.boot.test.context.SpringBootTestContextBootstrapper=true}', contextCustomizers = set[org.springframework.boot.test.context.filter.ExcludeFilterContextCustomizer@1ebea008, org.springframework.boot.test.json.DuplicateJsonObjectContextCustomizerFactory$DuplicateJsonObjectContextCustomizer@7de62196, org.springframework.boot.test.mock.mockito.MockitoContextCustomizer@0, org.springframework.boot.test.web.client.TestRestTemplateContextCustomizer@2f666ebb, org.springframework.boot.test.autoconfigure.properties.PropertyMappingContextCustomizer@0, org.springframework.boot.test.autoconfigure.web.servlet.WebDriverContextCustomizerFactory$Customizer@39b43d60], resourceBasePath = 'src/main/webapp', contextLoader = 'org.springframework.boot.test.context.SpringBootContextLoader', parent = [null]], attributes = map['org.springframework.test.context.web.ServletTestExecutionListener.activateListener' -> false]], class annotated with @DirtiesContext [false] with mode [null].
18:09:10.717 [main] DEBUG org.springframework.test.context.support.DependencyInjectionTestExecutionListener - Performing dependency injection for test context [[DefaultTestContext@5023bb8b testClass = PandaApplicationSeleniumTest, testInstance = pl.pandait.panda.PandaApplicationSeleniumTest@59d2400d, testMethod = [null], testException = [null], mergedContextConfiguration = [WebMergedContextConfiguration@5d5f10b2 testClass = PandaApplicationSeleniumTest, locations = '{}', classes = '{class pl.pandait.panda.PandaApplication, class pl.pandait.panda.PandaApplication}', contextInitializerClasses = '[]', activeProfiles = '{}', propertySourceLocations = '{}', propertySourceProperties = '{org.springframework.boot.test.context.SpringBootTestContextBootstrapper=true}', contextCustomizers = set[org.springframework.boot.test.context.filter.ExcludeFilterContextCustomizer@1ebea008, org.springframework.boot.test.json.DuplicateJsonObjectContextCustomizerFactory$DuplicateJsonObjectContextCustomizer@7de62196, org.springframework.boot.test.mock.mockito.MockitoContextCustomizer@0, org.springframework.boot.test.web.client.TestRestTemplateContextCustomizer@2f666ebb, org.springframework.boot.test.autoconfigure.properties.PropertyMappingContextCustomizer@0, org.springframework.boot.test.autoconfigure.web.servlet.WebDriverContextCustomizerFactory$Customizer@39b43d60], resourceBasePath = 'src/main/webapp', contextLoader = 'org.springframework.boot.test.context.SpringBootContextLoader', parent = [null]], attributes = map['org.springframework.test.context.web.ServletTestExecutionListener.activateListener' -> false]]].
18:09:10.758 [main] DEBUG org.springframework.test.context.support.TestPropertySourceUtils - Adding inlined properties to environment: {spring.jmx.enabled=false, org.springframework.boot.test.context.SpringBootTestContextBootstrapper=true}

  .   ____          _            __ _ _
 /\\ / ___'_ __ _ _(_)_ __  __ _ \ \ \ \
( ( )\___ | '_ | '_| | '_ \/ _` | \ \ \ \
 \\/  ___)| |_)| | | | | || (_| |  ) ) ) )
  '  |____| .__|_| |_|_| |_\__, | / / / /
 =========|_|==============|___/=/_/_/_/
 :: Spring Boot ::        (v2.2.4.RELEASE)

2021-03-01 18:09:11.350  INFO 254 --- [           main] p.p.panda.PandaApplicationSeleniumTest   : Starting PandaApplicationSeleniumTest on ffc2e37ee6e1 with PID 254 (started by jenkins in /var/jenkins_home/workspace/Maven)
2021-03-01 18:09:11.352  INFO 254 --- [           main] p.p.panda.PandaApplicationSeleniumTest   : No active profile set, falling back to default profiles: default
2021-03-01 18:09:12.897  INFO 254 --- [           main] o.s.b.w.embedded.tomcat.TomcatWebServer  : Tomcat initialized with port(s): 8080 (http)
2021-03-01 18:09:12.909  INFO 254 --- [           main] o.apache.catalina.core.StandardService   : Starting service [Tomcat]
2021-03-01 18:09:12.910  INFO 254 --- [           main] org.apache.catalina.core.StandardEngine  : Starting Servlet engine: [Apache Tomcat/9.0.30]
2021-03-01 18:09:13.017  INFO 254 --- [           main] o.a.c.c.C.[Tomcat].[localhost].[/]       : Initializing Spring embedded WebApplicationContext
2021-03-01 18:09:13.018  INFO 254 --- [           main] o.s.web.context.ContextLoader            : Root WebApplicationContext: initialization completed in 1634 ms
2021-03-01 18:09:13.381  INFO 254 --- [           main] o.s.s.concurrent.ThreadPoolTaskExecutor  : Initializing ExecutorService 'applicationTaskExecutor'
2021-03-01 18:09:13.462  INFO 254 --- [           main] o.s.b.a.w.s.WelcomePageHandlerMapping    : Adding welcome page: class path resource [static/index.html]
2021-03-01 18:09:13.846  INFO 254 --- [           main] o.apache.catalina.core.StandardService   : Stopping service [Tomcat]
2021-03-01 18:09:13.856  INFO 254 --- [           main] ConditionEvaluationReportLoggingListener : 

Error starting ApplicationContext. To display the conditions report re-run your application with 'debug' enabled.
2021-03-01 18:09:13.858 ERROR 254 --- [           main] o.s.b.d.LoggingFailureAnalysisReporter   : 

***************************
APPLICATION FAILED TO START
***************************

Description:

Web server failed to start. Port 8080 was already in use.

Action:

Identify and stop the process that's listening on port 8080 or configure this application to listen on another port.

2021-03-01 18:09:13.861  INFO 254 --- [           main] o.s.s.concurrent.ThreadPoolTaskExecutor  : Shutting down ExecutorService 'applicationTaskExecutor'

  .   ____          _            __ _ _
 /\\ / ___'_ __ _ _(_)_ __  __ _ \ \ \ \
( ( )\___ | '_ | '_| | '_ \/ _` | \ \ \ \
 \\/  ___)| |_)| | | | | || (_| |  ) ) ) )
  '  |____| .__|_| |_|_| |_\__, | / / / /
 =========|_|==============|___/=/_/_/_/
 :: Spring Boot ::        (v2.2.4.RELEASE)

2021-03-01 18:09:13.890  INFO 254 --- [           main] p.p.panda.PandaApplicationSeleniumTest   : Starting PandaApplicationSeleniumTest on ffc2e37ee6e1 with PID 254 (started by jenkins in /var/jenkins_home/workspace/Maven)
2021-03-01 18:09:13.891  INFO 254 --- [           main] p.p.panda.PandaApplicationSeleniumTest   : No active profile set, falling back to default profiles: default
2021-03-01 18:09:14.078  INFO 254 --- [           main] o.s.b.w.embedded.tomcat.TomcatWebServer  : Tomcat initialized with port(s): 8080 (http)
2021-03-01 18:09:14.079  INFO 254 --- [           main] o.apache.catalina.core.StandardService   : Starting service [Tomcat]
2021-03-01 18:09:14.080  INFO 254 --- [           main] org.apache.catalina.core.StandardEngine  : Starting Servlet engine: [Apache Tomcat/9.0.30]
2021-03-01 18:09:14.106  INFO 254 --- [           main] o.a.c.c.C.[Tomcat-1].[localhost].[/]     : Initializing Spring embedded WebApplicationContext
2021-03-01 18:09:14.106  INFO 254 --- [           main] o.s.web.context.ContextLoader            : Root WebApplicationContext: initialization completed in 213 ms
2021-03-01 18:09:14.221  INFO 254 --- [           main] o.s.s.concurrent.ThreadPoolTaskExecutor  : Initializing ExecutorService 'applicationTaskExecutor'
2021-03-01 18:09:14.241  INFO 254 --- [           main] o.s.b.a.w.s.WelcomePageHandlerMapping    : Adding welcome page: class path resource [static/index.html]
2021-03-01 18:09:14.347  INFO 254 --- [           main] o.apache.catalina.core.StandardService   : Stopping service [Tomcat]
2021-03-01 18:09:14.356  INFO 254 --- [           main] ConditionEvaluationReportLoggingListener : 

Error starting ApplicationContext. To display the conditions report re-run your application with 'debug' enabled.
2021-03-01 18:09:14.358 ERROR 254 --- [           main] o.s.b.d.LoggingFailureAnalysisReporter   : 

***************************
APPLICATION FAILED TO START
***************************

Description:

Web server failed to start. Port 8080 was already in use.

Action:

Identify and stop the process that's listening on port 8080 or configure this application to listen on another port.

2021-03-01 18:09:14.360  INFO 254 --- [           main] o.s.s.concurrent.ThreadPoolTaskExecutor  : Shutting down ExecutorService 'applicationTaskExecutor'
2021-03-01 18:09:14.364 ERROR 254 --- [           main] o.s.test.context.TestContextManager      : Caught exception while allowing TestExecutionListener [org.springframework.boot.test.autoconfigure.SpringBootDependencyInjectionTestExecutionListener@79d94571] to prepare test instance [pl.pandait.panda.PandaApplicationSeleniumTest@59d2400d]

java.lang.IllegalStateException: Failed to load ApplicationContext
	at org.springframework.test.context.cache.DefaultCacheAwareContextLoaderDelegate.loadContext(DefaultCacheAwareContextLoaderDelegate.java:132) ~[spring-test-5.2.3.RELEASE.jar:5.2.3.RELEASE]
	at org.springframework.test.context.support.DefaultTestContext.getApplicationContext(DefaultTestContext.java:123) ~[spring-test-5.2.3.RELEASE.jar:5.2.3.RELEASE]
	at org.springframework.test.context.support.DependencyInjectionTestExecutionListener.injectDependencies(DependencyInjectionTestExecutionListener.java:118) ~[spring-test-5.2.3.RELEASE.jar:5.2.3.RELEASE]
	at org.springframework.test.context.support.DependencyInjectionTestExecutionListener.prepareTestInstance(DependencyInjectionTestExecutionListener.java:83) ~[spring-test-5.2.3.RELEASE.jar:5.2.3.RELEASE]
	at org.springframework.boot.test.autoconfigure.SpringBootDependencyInjectionTestExecutionListener.prepareTestInstance(SpringBootDependencyInjectionTestExecutionListener.java:43) ~[spring-boot-test-autoconfigure-2.2.4.RELEASE.jar:2.2.4.RELEASE]
	at org.springframework.test.context.TestContextManager.prepareTestInstance(TestContextManager.java:244) ~[spring-test-5.2.3.RELEASE.jar:5.2.3.RELEASE]
	at org.springframework.test.context.junit.jupiter.SpringExtension.postProcessTestInstance(SpringExtension.java:98) ~[spring-test-5.2.3.RELEASE.jar:5.2.3.RELEASE]
	at org.junit.jupiter.engine.descriptor.ClassBasedTestDescriptor.lambda$invokeTestInstancePostProcessors$5(ClassBasedTestDescriptor.java:337) ~[junit-jupiter-engine-5.5.2.jar:5.5.2]
	at org.junit.jupiter.engine.descriptor.ClassBasedTestDescriptor.executeAndMaskThrowable(ClassBasedTestDescriptor.java:342) ~[junit-jupiter-engine-5.5.2.jar:5.5.2]
	at org.junit.jupiter.engine.descriptor.ClassBasedTestDescriptor.lambda$invokeTestInstancePostProcessors$6(ClassBasedTestDescriptor.java:337) ~[junit-jupiter-engine-5.5.2.jar:5.5.2]
	at java.base/java.util.stream.ReferencePipeline$3$1.accept(ReferencePipeline.java:195) ~[na:na]
	at java.base/java.util.stream.ReferencePipeline$2$1.accept(ReferencePipeline.java:177) ~[na:na]
	at java.base/java.util.ArrayList$ArrayListSpliterator.forEachRemaining(ArrayList.java:1655) ~[na:na]
	at java.base/java.util.stream.AbstractPipeline.copyInto(AbstractPipeline.java:484) ~[na:na]
	at java.base/java.util.stream.AbstractPipeline.wrapAndCopyInto(AbstractPipeline.java:474) ~[na:na]
	at java.base/java.util.stream.StreamSpliterators$WrappingSpliterator.forEachRemaining(StreamSpliterators.java:312) ~[na:na]
	at java.base/java.util.stream.Streams$ConcatSpliterator.forEachRemaining(Streams.java:735) ~[na:na]
	at java.base/java.util.stream.Streams$ConcatSpliterator.forEachRemaining(Streams.java:734) ~[na:na]
	at java.base/java.util.stream.ReferencePipeline$Head.forEach(ReferencePipeline.java:658) ~[na:na]
	at org.junit.jupiter.engine.descriptor.ClassBasedTestDescriptor.invokeTestInstancePostProcessors(ClassBasedTestDescriptor.java:336) ~[junit-jupiter-engine-5.5.2.jar:5.5.2]
	at org.junit.jupiter.engine.descriptor.ClassBasedTestDescriptor.instantiateAndPostProcessTestInstance(ClassBasedTestDescriptor.java:259) ~[junit-jupiter-engine-5.5.2.jar:5.5.2]
	at org.junit.jupiter.engine.descriptor.ClassBasedTestDescriptor.lambda$testInstancesProvider$2(ClassBasedTestDescriptor.java:252) ~[junit-jupiter-engine-5.5.2.jar:5.5.2]
	at java.base/java.util.Optional.orElseGet(Optional.java:369) ~[na:na]
	at org.junit.jupiter.engine.descriptor.ClassBasedTestDescriptor.lambda$testInstancesProvider$3(ClassBasedTestDescriptor.java:251) ~[junit-jupiter-engine-5.5.2.jar:5.5.2]
	at org.junit.jupiter.engine.execution.TestInstancesProvider.getTestInstances(TestInstancesProvider.java:29) ~[junit-jupiter-engine-5.5.2.jar:5.5.2]
	at org.junit.jupiter.engine.descriptor.TestMethodTestDescriptor.lambda$prepare$0(TestMethodTestDescriptor.java:106) ~[junit-jupiter-engine-5.5.2.jar:5.5.2]
	at org.junit.platform.engine.support.hierarchical.ThrowableCollector.execute(ThrowableCollector.java:73) ~[junit-platform-engine-1.5.2.jar:1.5.2]
	at org.junit.jupiter.engine.descriptor.TestMethodTestDescriptor.prepare(TestMethodTestDescriptor.java:105) ~[junit-jupiter-engine-5.5.2.jar:5.5.2]
	at org.junit.jupiter.engine.descriptor.TestMethodTestDescriptor.prepare(TestMethodTestDescriptor.java:69) ~[junit-jupiter-engine-5.5.2.jar:5.5.2]
	at org.junit.platform.engine.support.hierarchical.NodeTestTask.lambda$prepare$1(NodeTestTask.java:107) ~[junit-platform-engine-1.5.2.jar:1.5.2]
	at org.junit.platform.engine.support.hierarchical.ThrowableCollector.execute(ThrowableCollector.java:73) ~[junit-platform-engine-1.5.2.jar:1.5.2]
	at org.junit.platform.engine.support.hierarchical.NodeTestTask.prepare(NodeTestTask.java:107) ~[junit-platform-engine-1.5.2.jar:1.5.2]
	at org.junit.platform.engine.support.hierarchical.NodeTestTask.execute(NodeTestTask.java:75) ~[junit-platform-engine-1.5.2.jar:1.5.2]
	at java.base/java.util.ArrayList.forEach(ArrayList.java:1541) ~[na:na]
	at org.junit.platform.engine.support.hierarchical.SameThreadHierarchicalTestExecutorService.invokeAll(SameThreadHierarchicalTestExecutorService.java:38) ~[junit-platform-engine-1.5.2.jar:1.5.2]
	at org.junit.platform.engine.support.hierarchical.NodeTestTask.lambda$executeRecursively$5(NodeTestTask.java:139) ~[junit-platform-engine-1.5.2.jar:1.5.2]
	at org.junit.platform.engine.support.hierarchical.ThrowableCollector.execute(ThrowableCollector.java:73) ~[junit-platform-engine-1.5.2.jar:1.5.2]
	at org.junit.platform.engine.support.hierarchical.NodeTestTask.lambda$executeRecursively$7(NodeTestTask.java:125) ~[junit-platform-engine-1.5.2.jar:1.5.2]
	at org.junit.platform.engine.support.hierarchical.Node.around(Node.java:135) ~[junit-platform-engine-1.5.2.jar:1.5.2]
	at org.junit.platform.engine.support.hierarchical.NodeTestTask.lambda$executeRecursively$8(NodeTestTask.java:123) ~[junit-platform-engine-1.5.2.jar:1.5.2]
	at org.junit.platform.engine.support.hierarchical.ThrowableCollector.execute(ThrowableCollector.java:73) ~[junit-platform-engine-1.5.2.jar:1.5.2]
	at org.junit.platform.engine.support.hierarchical.NodeTestTask.executeRecursively(NodeTestTask.java:122) ~[junit-platform-engine-1.5.2.jar:1.5.2]
	at org.junit.platform.engine.support.hierarchical.NodeTestTask.execute(NodeTestTask.java:80) ~[junit-platform-engine-1.5.2.jar:1.5.2]
	at java.base/java.util.ArrayList.forEach(ArrayList.java:1541) ~[na:na]
	at org.junit.platform.engine.support.hierarchical.SameThreadHierarchicalTestExecutorService.invokeAll(SameThreadHierarchicalTestExecutorService.java:38) ~[junit-platform-engine-1.5.2.jar:1.5.2]
	at org.junit.platform.engine.support.hierarchical.NodeTestTask.lambda$executeRecursively$5(NodeTestTask.java:139) ~[junit-platform-engine-1.5.2.jar:1.5.2]
	at org.junit.platform.engine.support.hierarchical.ThrowableCollector.execute(ThrowableCollector.java:73) ~[junit-platform-engine-1.5.2.jar:1.5.2]
	at org.junit.platform.engine.support.hierarchical.NodeTestTask.lambda$executeRecursively$7(NodeTestTask.java:125) ~[junit-platform-engine-1.5.2.jar:1.5.2]
	at org.junit.platform.engine.support.hierarchical.Node.around(Node.java:135) ~[junit-platform-engine-1.5.2.jar:1.5.2]
	at org.junit.platform.engine.support.hierarchical.NodeTestTask.lambda$executeRecursively$8(NodeTestTask.java:123) ~[junit-platform-engine-1.5.2.jar:1.5.2]
	at org.junit.platform.engine.support.hierarchical.ThrowableCollector.execute(ThrowableCollector.java:73) ~[junit-platform-engine-1.5.2.jar:1.5.2]
	at org.junit.platform.engine.support.hierarchical.NodeTestTask.executeRecursively(NodeTestTask.java:122) ~[junit-platform-engine-1.5.2.jar:1.5.2]
	at org.junit.platform.engine.support.hierarchical.NodeTestTask.execute(NodeTestTask.java:80) ~[junit-platform-engine-1.5.2.jar:1.5.2]
	at org.junit.platform.engine.support.hierarchical.SameThreadHierarchicalTestExecutorService.submit(SameThreadHierarchicalTestExecutorService.java:32) ~[junit-platform-engine-1.5.2.jar:1.5.2]
	at org.junit.platform.engine.support.hierarchical.HierarchicalTestExecutor.execute(HierarchicalTestExecutor.java:57) ~[junit-platform-engine-1.5.2.jar:1.5.2]
	at org.junit.platform.engine.support.hierarchical.HierarchicalTestEngine.execute(HierarchicalTestEngine.java:51) ~[junit-platform-engine-1.5.2.jar:1.5.2]
	at org.junit.platform.launcher.core.DefaultLauncher.execute(DefaultLauncher.java:220) ~[junit-platform-launcher-1.3.1.jar:1.3.1]
	at org.junit.platform.launcher.core.DefaultLauncher.lambda$execute$6(DefaultLauncher.java:188) ~[junit-platform-launcher-1.3.1.jar:1.3.1]
	at org.junit.platform.launcher.core.DefaultLauncher.withInterceptedStreams(DefaultLauncher.java:202) ~[junit-platform-launcher-1.3.1.jar:1.3.1]
	at org.junit.platform.launcher.core.DefaultLauncher.execute(DefaultLauncher.java:181) ~[junit-platform-launcher-1.3.1.jar:1.3.1]
	at org.junit.platform.launcher.core.DefaultLauncher.execute(DefaultLauncher.java:128) ~[junit-platform-launcher-1.3.1.jar:1.3.1]
	at org.apache.maven.surefire.junitplatform.JUnitPlatformProvider.invokeAllTests(JUnitPlatformProvider.java:150) ~[surefire-junit-platform-2.22.2.jar:2.22.2]
	at org.apache.maven.surefire.junitplatform.JUnitPlatformProvider.invoke(JUnitPlatformProvider.java:124) ~[surefire-junit-platform-2.22.2.jar:2.22.2]
	at org.apache.maven.surefire.booter.ForkedBooter.invokeProviderInSameClassLoader(ForkedBooter.java:384) ~[surefire-booter-2.22.2.jar:2.22.2]
	at org.apache.maven.surefire.booter.ForkedBooter.runSuitesInProcess(ForkedBooter.java:345) ~[surefire-booter-2.22.2.jar:2.22.2]
	at org.apache.maven.surefire.booter.ForkedBooter.execute(ForkedBooter.java:126) ~[surefire-booter-2.22.2.jar:2.22.2]
	at org.apache.maven.surefire.booter.ForkedBooter.main(ForkedBooter.java:418) ~[surefire-booter-2.22.2.jar:2.22.2]
Caused by: org.springframework.boot.web.server.PortInUseException: Port 8080 is already in use
	at org.springframework.boot.web.embedded.tomcat.TomcatWebServer.start(TomcatWebServer.java:213) ~[spring-boot-2.2.4.RELEASE.jar:2.2.4.RELEASE]
	at org.springframework.boot.web.servlet.context.ServletWebServerApplicationContext.startWebServer(ServletWebServerApplicationContext.java:297) ~[spring-boot-2.2.4.RELEASE.jar:2.2.4.RELEASE]
	at org.springframework.boot.web.servlet.context.ServletWebServerApplicationContext.finishRefresh(ServletWebServerApplicationContext.java:163) ~[spring-boot-2.2.4.RELEASE.jar:2.2.4.RELEASE]
	at org.springframework.context.support.AbstractApplicationContext.refresh(AbstractApplicationContext.java:553) ~[spring-context-5.2.3.RELEASE.jar:5.2.3.RELEASE]
	at org.springframework.boot.web.servlet.context.ServletWebServerApplicationContext.refresh(ServletWebServerApplicationContext.java:141) ~[spring-boot-2.2.4.RELEASE.jar:2.2.4.RELEASE]
	at org.springframework.boot.SpringApplication.refresh(SpringApplication.java:747) ~[spring-boot-2.2.4.RELEASE.jar:2.2.4.RELEASE]
	at org.springframework.boot.SpringApplication.refreshContext(SpringApplication.java:397) ~[spring-boot-2.2.4.RELEASE.jar:2.2.4.RELEASE]
	at org.springframework.boot.SpringApplication.run(SpringApplication.java:315) ~[spring-boot-2.2.4.RELEASE.jar:2.2.4.RELEASE]
	at org.springframework.boot.test.context.SpringBootContextLoader.loadContext(SpringBootContextLoader.java:126) ~[spring-boot-test-2.2.4.RELEASE.jar:2.2.4.RELEASE]
	at org.springframework.test.context.cache.DefaultCacheAwareContextLoaderDelegate.loadContextInternal(DefaultCacheAwareContextLoaderDelegate.java:99) ~[spring-test-5.2.3.RELEASE.jar:5.2.3.RELEASE]
	at org.springframework.test.context.cache.DefaultCacheAwareContextLoaderDelegate.loadContext(DefaultCacheAwareContextLoaderDelegate.java:124) ~[spring-test-5.2.3.RELEASE.jar:5.2.3.RELEASE]
	... 66 common frames omitted


  .   ____          _            __ _ _
 /\\ / ___'_ __ _ _(_)_ __  __ _ \ \ \ \
( ( )\___ | '_ | '_| | '_ \/ _` | \ \ \ \
 \\/  ___)| |_)| | | | | || (_| |  ) ) ) )
  '  |____| .__|_| |_|_| |_\__, | / / / /
 =========|_|==============|___/=/_/_/_/
 :: Spring Boot ::        (v2.2.4.RELEASE)

2021-03-01 18:09:14.399  INFO 254 --- [           main] p.p.panda.PandaApplicationSeleniumTest   : Starting PandaApplicationSeleniumTest on ffc2e37ee6e1 with PID 254 (started by jenkins in /var/jenkins_home/workspace/Maven)
2021-03-01 18:09:14.399  INFO 254 --- [           main] p.p.panda.PandaApplicationSeleniumTest   : No active profile set, falling back to default profiles: default
2021-03-01 18:09:14.568  INFO 254 --- [           main] o.s.b.w.embedded.tomcat.TomcatWebServer  : Tomcat initialized with port(s): 8080 (http)
2021-03-01 18:09:14.569  INFO 254 --- [           main] o.apache.catalina.core.StandardService   : Starting service [Tomcat]
2021-03-01 18:09:14.570  INFO 254 --- [           main] org.apache.catalina.core.StandardEngine  : Starting Servlet engine: [Apache Tomcat/9.0.30]
2021-03-01 18:09:14.580  INFO 254 --- [           main] o.a.c.c.C.[Tomcat-2].[localhost].[/]     : Initializing Spring embedded WebApplicationContext
2021-03-01 18:09:14.581  INFO 254 --- [           main] o.s.web.context.ContextLoader            : Root WebApplicationContext: initialization completed in 180 ms
2021-03-01 18:09:14.684  INFO 254 --- [           main] o.s.s.concurrent.ThreadPoolTaskExecutor  : Initializing ExecutorService 'applicationTaskExecutor'
2021-03-01 18:09:14.702  INFO 254 --- [           main] o.s.b.a.w.s.WelcomePageHandlerMapping    : Adding welcome page: class path resource [static/index.html]
2021-03-01 18:09:14.773  INFO 254 --- [           main] o.apache.catalina.core.StandardService   : Stopping service [Tomcat]
2021-03-01 18:09:14.777  INFO 254 --- [           main] ConditionEvaluationReportLoggingListener : 

Error starting ApplicationContext. To display the conditions report re-run your application with 'debug' enabled.
2021-03-01 18:09:14.778 ERROR 254 --- [           main] o.s.b.d.LoggingFailureAnalysisReporter   : 

***************************
APPLICATION FAILED TO START
***************************

Description:

Web server failed to start. Port 8080 was already in use.

Action:

Identify and stop the process that's listening on port 8080 or configure this application to listen on another port.

2021-03-01 18:09:14.779  INFO 254 --- [           main] o.s.s.concurrent.ThreadPoolTaskExecutor  : Shutting down ExecutorService 'applicationTaskExecutor'

  .   ____          _            __ _ _
 /\\ / ___'_ __ _ _(_)_ __  __ _ \ \ \ \
( ( )\___ | '_ | '_| | '_ \/ _` | \ \ \ \
 \\/  ___)| |_)| | | | | || (_| |  ) ) ) )
  '  |____| .__|_| |_|_| |_\__, | / / / /
 =========|_|==============|___/=/_/_/_/
 :: Spring Boot ::        (v2.2.4.RELEASE)

2021-03-01 18:09:14.795  INFO 254 --- [           main] p.p.panda.PandaApplicationSeleniumTest   : Starting PandaApplicationSeleniumTest on ffc2e37ee6e1 with PID 254 (started by jenkins in /var/jenkins_home/workspace/Maven)
2021-03-01 18:09:14.796  INFO 254 --- [           main] p.p.panda.PandaApplicationSeleniumTest   : No active profile set, falling back to default profiles: default
2021-03-01 18:09:14.928  INFO 254 --- [           main] o.s.b.w.embedded.tomcat.TomcatWebServer  : Tomcat initialized with port(s): 8080 (http)
2021-03-01 18:09:14.930  INFO 254 --- [           main] o.apache.catalina.core.StandardService   : Starting service [Tomcat]
2021-03-01 18:09:14.931  INFO 254 --- [           main] org.apache.catalina.core.StandardEngine  : Starting Servlet engine: [Apache Tomcat/9.0.30]
2021-03-01 18:09:14.940  INFO 254 --- [           main] o.a.c.c.C.[Tomcat-3].[localhost].[/]     : Initializing Spring embedded WebApplicationContext
2021-03-01 18:09:14.940  INFO 254 --- [           main] o.s.web.context.ContextLoader            : Root WebApplicationContext: initialization completed in 142 ms
2021-03-01 18:09:15.036  INFO 254 --- [           main] o.s.s.concurrent.ThreadPoolTaskExecutor  : Initializing ExecutorService 'applicationTaskExecutor'
2021-03-01 18:09:15.054  INFO 254 --- [           main] o.s.b.a.w.s.WelcomePageHandlerMapping    : Adding welcome page: class path resource [static/index.html]
2021-03-01 18:09:15.128  INFO 254 --- [           main] o.apache.catalina.core.StandardService   : Stopping service [Tomcat]
2021-03-01 18:09:15.134  INFO 254 --- [           main] ConditionEvaluationReportLoggingListener : 

Error starting ApplicationContext. To display the conditions report re-run your application with 'debug' enabled.
2021-03-01 18:09:15.134 ERROR 254 --- [           main] o.s.b.d.LoggingFailureAnalysisReporter   : 

***************************
APPLICATION FAILED TO START
***************************

Description:

Web server failed to start. Port 8080 was already in use.

Action:

Identify and stop the process that's listening on port 8080 or configure this application to listen on another port.

2021-03-01 18:09:15.135  INFO 254 --- [           main] o.s.s.concurrent.ThreadPoolTaskExecutor  : Shutting down ExecutorService 'applicationTaskExecutor'
2021-03-01 18:09:15.136 ERROR 254 --- [           main] o.s.test.context.TestContextManager      : Caught exception while allowing TestExecutionListener [org.springframework.boot.test.autoconfigure.SpringBootDependencyInjectionTestExecutionListener@79d94571] to prepare test instance [pl.pandait.panda.PandaApplicationSeleniumTest@11d2714a]

java.lang.IllegalStateException: Failed to load ApplicationContext
	at org.springframework.test.context.cache.DefaultCacheAwareContextLoaderDelegate.loadContext(DefaultCacheAwareContextLoaderDelegate.java:132) ~[spring-test-5.2.3.RELEASE.jar:5.2.3.RELEASE]
	at org.springframework.test.context.support.DefaultTestContext.getApplicationContext(DefaultTestContext.java:123) ~[spring-test-5.2.3.RELEASE.jar:5.2.3.RELEASE]
	at org.springframework.test.context.support.DependencyInjectionTestExecutionListener.injectDependencies(DependencyInjectionTestExecutionListener.java:118) ~[spring-test-5.2.3.RELEASE.jar:5.2.3.RELEASE]
	at org.springframework.test.context.support.DependencyInjectionTestExecutionListener.prepareTestInstance(DependencyInjectionTestExecutionListener.java:83) ~[spring-test-5.2.3.RELEASE.jar:5.2.3.RELEASE]
	at org.springframework.boot.test.autoconfigure.SpringBootDependencyInjectionTestExecutionListener.prepareTestInstance(SpringBootDependencyInjectionTestExecutionListener.java:43) ~[spring-boot-test-autoconfigure-2.2.4.RELEASE.jar:2.2.4.RELEASE]
	at org.springframework.test.context.TestContextManager.prepareTestInstance(TestContextManager.java:244) ~[spring-test-5.2.3.RELEASE.jar:5.2.3.RELEASE]
	at org.springframework.test.context.junit.jupiter.SpringExtension.postProcessTestInstance(SpringExtension.java:98) ~[spring-test-5.2.3.RELEASE.jar:5.2.3.RELEASE]
	at org.junit.jupiter.engine.descriptor.ClassBasedTestDescriptor.lambda$invokeTestInstancePostProcessors$5(ClassBasedTestDescriptor.java:337) ~[junit-jupiter-engine-5.5.2.jar:5.5.2]
	at org.junit.jupiter.engine.descriptor.ClassBasedTestDescriptor.executeAndMaskThrowable(ClassBasedTestDescriptor.java:342) ~[junit-jupiter-engine-5.5.2.jar:5.5.2]
	at org.junit.jupiter.engine.descriptor.ClassBasedTestDescriptor.lambda$invokeTestInstancePostProcessors$6(ClassBasedTestDescriptor.java:337) ~[junit-jupiter-engine-5.5.2.jar:5.5.2]
	at java.base/java.util.stream.ReferencePipeline$3$1.accept(ReferencePipeline.java:195) ~[na:na]
	at java.base/java.util.stream.ReferencePipeline$2$1.accept(ReferencePipeline.java:177) ~[na:na]
	at java.base/java.util.ArrayList$ArrayListSpliterator.forEachRemaining(ArrayList.java:1655) ~[na:na]
	at java.base/java.util.stream.AbstractPipeline.copyInto(AbstractPipeline.java:484) ~[na:na]
	at java.base/java.util.stream.AbstractPipeline.wrapAndCopyInto(AbstractPipeline.java:474) ~[na:na]
	at java.base/java.util.stream.StreamSpliterators$WrappingSpliterator.forEachRemaining(StreamSpliterators.java:312) ~[na:na]
	at java.base/java.util.stream.Streams$ConcatSpliterator.forEachRemaining(Streams.java:735) ~[na:na]
	at java.base/java.util.stream.Streams$ConcatSpliterator.forEachRemaining(Streams.java:734) ~[na:na]
	at java.base/java.util.stream.ReferencePipeline$Head.forEach(ReferencePipeline.java:658) ~[na:na]
	at org.junit.jupiter.engine.descriptor.ClassBasedTestDescriptor.invokeTestInstancePostProcessors(ClassBasedTestDescriptor.java:336) ~[junit-jupiter-engine-5.5.2.jar:5.5.2]
	at org.junit.jupiter.engine.descriptor.ClassBasedTestDescriptor.instantiateAndPostProcessTestInstance(ClassBasedTestDescriptor.java:259) ~[junit-jupiter-engine-5.5.2.jar:5.5.2]
	at org.junit.jupiter.engine.descriptor.ClassBasedTestDescriptor.lambda$testInstancesProvider$2(ClassBasedTestDescriptor.java:252) ~[junit-jupiter-engine-5.5.2.jar:5.5.2]
	at java.base/java.util.Optional.orElseGet(Optional.java:369) ~[na:na]
	at org.junit.jupiter.engine.descriptor.ClassBasedTestDescriptor.lambda$testInstancesProvider$3(ClassBasedTestDescriptor.java:251) ~[junit-jupiter-engine-5.5.2.jar:5.5.2]
	at org.junit.jupiter.engine.execution.TestInstancesProvider.getTestInstances(TestInstancesProvider.java:29) ~[junit-jupiter-engine-5.5.2.jar:5.5.2]
	at org.junit.jupiter.engine.descriptor.TestMethodTestDescriptor.lambda$prepare$0(TestMethodTestDescriptor.java:106) ~[junit-jupiter-engine-5.5.2.jar:5.5.2]
	at org.junit.platform.engine.support.hierarchical.ThrowableCollector.execute(ThrowableCollector.java:73) ~[junit-platform-engine-1.5.2.jar:1.5.2]
	at org.junit.jupiter.engine.descriptor.TestMethodTestDescriptor.prepare(TestMethodTestDescriptor.java:105) ~[junit-jupiter-engine-5.5.2.jar:5.5.2]
	at org.junit.jupiter.engine.descriptor.TestMethodTestDescriptor.prepare(TestMethodTestDescriptor.java:69) ~[junit-jupiter-engine-5.5.2.jar:5.5.2]
	at org.junit.platform.engine.support.hierarchical.NodeTestTask.lambda$prepare$1(NodeTestTask.java:107) ~[junit-platform-engine-1.5.2.jar:1.5.2]
	at org.junit.platform.engine.support.hierarchical.ThrowableCollector.execute(ThrowableCollector.java:73) ~[junit-platform-engine-1.5.2.jar:1.5.2]
	at org.junit.platform.engine.support.hierarchical.NodeTestTask.prepare(NodeTestTask.java:107) ~[junit-platform-engine-1.5.2.jar:1.5.2]
	at org.junit.platform.engine.support.hierarchical.NodeTestTask.execute(NodeTestTask.java:75) ~[junit-platform-engine-1.5.2.jar:1.5.2]
	at java.base/java.util.ArrayList.forEach(ArrayList.java:1541) ~[na:na]
	at org.junit.platform.engine.support.hierarchical.SameThreadHierarchicalTestExecutorService.invokeAll(SameThreadHierarchicalTestExecutorService.java:38) ~[junit-platform-engine-1.5.2.jar:1.5.2]
	at org.junit.platform.engine.support.hierarchical.NodeTestTask.lambda$executeRecursively$5(NodeTestTask.java:139) ~[junit-platform-engine-1.5.2.jar:1.5.2]
	at org.junit.platform.engine.support.hierarchical.ThrowableCollector.execute(ThrowableCollector.java:73) ~[junit-platform-engine-1.5.2.jar:1.5.2]
	at org.junit.platform.engine.support.hierarchical.NodeTestTask.lambda$executeRecursively$7(NodeTestTask.java:125) ~[junit-platform-engine-1.5.2.jar:1.5.2]
	at org.junit.platform.engine.support.hierarchical.Node.around(Node.java:135) ~[junit-platform-engine-1.5.2.jar:1.5.2]
	at org.junit.platform.engine.support.hierarchical.NodeTestTask.lambda$executeRecursively$8(NodeTestTask.java:123) ~[junit-platform-engine-1.5.2.jar:1.5.2]
	at org.junit.platform.engine.support.hierarchical.ThrowableCollector.execute(ThrowableCollector.java:73) ~[junit-platform-engine-1.5.2.jar:1.5.2]
	at org.junit.platform.engine.support.hierarchical.NodeTestTask.executeRecursively(NodeTestTask.java:122) ~[junit-platform-engine-1.5.2.jar:1.5.2]
	at org.junit.platform.engine.support.hierarchical.NodeTestTask.execute(NodeTestTask.java:80) ~[junit-platform-engine-1.5.2.jar:1.5.2]
	at java.base/java.util.ArrayList.forEach(ArrayList.java:1541) ~[na:na]
	at org.junit.platform.engine.support.hierarchical.SameThreadHierarchicalTestExecutorService.invokeAll(SameThreadHierarchicalTestExecutorService.java:38) ~[junit-platform-engine-1.5.2.jar:1.5.2]
	at org.junit.platform.engine.support.hierarchical.NodeTestTask.lambda$executeRecursively$5(NodeTestTask.java:139) ~[junit-platform-engine-1.5.2.jar:1.5.2]
	at org.junit.platform.engine.support.hierarchical.ThrowableCollector.execute(ThrowableCollector.java:73) ~[junit-platform-engine-1.5.2.jar:1.5.2]
	at org.junit.platform.engine.support.hierarchical.NodeTestTask.lambda$executeRecursively$7(NodeTestTask.java:125) ~[junit-platform-engine-1.5.2.jar:1.5.2]
	at org.junit.platform.engine.support.hierarchical.Node.around(Node.java:135) ~[junit-platform-engine-1.5.2.jar:1.5.2]
	at org.junit.platform.engine.support.hierarchical.NodeTestTask.lambda$executeRecursively$8(NodeTestTask.java:123) ~[junit-platform-engine-1.5.2.jar:1.5.2]
	at org.junit.platform.engine.support.hierarchical.ThrowableCollector.execute(ThrowableCollector.java:73) ~[junit-platform-engine-1.5.2.jar:1.5.2]
	at org.junit.platform.engine.support.hierarchical.NodeTestTask.executeRecursively(NodeTestTask.java:122) ~[junit-platform-engine-1.5.2.jar:1.5.2]
	at org.junit.platform.engine.support.hierarchical.NodeTestTask.execute(NodeTestTask.java:80) ~[junit-platform-engine-1.5.2.jar:1.5.2]
	at org.junit.platform.engine.support.hierarchical.SameThreadHierarchicalTestExecutorService.submit(SameThreadHierarchicalTestExecutorService.java:32) ~[junit-platform-engine-1.5.2.jar:1.5.2]
	at org.junit.platform.engine.support.hierarchical.HierarchicalTestExecutor.execute(HierarchicalTestExecutor.java:57) ~[junit-platform-engine-1.5.2.jar:1.5.2]
	at org.junit.platform.engine.support.hierarchical.HierarchicalTestEngine.execute(HierarchicalTestEngine.java:51) ~[junit-platform-engine-1.5.2.jar:1.5.2]
	at org.junit.platform.launcher.core.DefaultLauncher.execute(DefaultLauncher.java:220) ~[junit-platform-launcher-1.3.1.jar:1.3.1]
	at org.junit.platform.launcher.core.DefaultLauncher.lambda$execute$6(DefaultLauncher.java:188) ~[junit-platform-launcher-1.3.1.jar:1.3.1]
	at org.junit.platform.launcher.core.DefaultLauncher.withInterceptedStreams(DefaultLauncher.java:202) ~[junit-platform-launcher-1.3.1.jar:1.3.1]
	at org.junit.platform.launcher.core.DefaultLauncher.execute(DefaultLauncher.java:181) ~[junit-platform-launcher-1.3.1.jar:1.3.1]
	at org.junit.platform.launcher.core.DefaultLauncher.execute(DefaultLauncher.java:128) ~[junit-platform-launcher-1.3.1.jar:1.3.1]
	at org.apache.maven.surefire.junitplatform.JUnitPlatformProvider.invokeAllTests(JUnitPlatformProvider.java:150) ~[surefire-junit-platform-2.22.2.jar:2.22.2]
	at org.apache.maven.surefire.junitplatform.JUnitPlatformProvider.invoke(JUnitPlatformProvider.java:124) ~[surefire-junit-platform-2.22.2.jar:2.22.2]
	at org.apache.maven.surefire.booter.ForkedBooter.invokeProviderInSameClassLoader(ForkedBooter.java:384) ~[surefire-booter-2.22.2.jar:2.22.2]
	at org.apache.maven.surefire.booter.ForkedBooter.runSuitesInProcess(ForkedBooter.java:345) ~[surefire-booter-2.22.2.jar:2.22.2]
	at org.apache.maven.surefire.booter.ForkedBooter.execute(ForkedBooter.java:126) ~[surefire-booter-2.22.2.jar:2.22.2]
	at org.apache.maven.surefire.booter.ForkedBooter.main(ForkedBooter.java:418) ~[surefire-booter-2.22.2.jar:2.22.2]
Caused by: org.springframework.boot.web.server.PortInUseException: Port 8080 is already in use
	at org.springframework.boot.web.embedded.tomcat.TomcatWebServer.start(TomcatWebServer.java:213) ~[spring-boot-2.2.4.RELEASE.jar:2.2.4.RELEASE]
	at org.springframework.boot.web.servlet.context.ServletWebServerApplicationContext.startWebServer(ServletWebServerApplicationContext.java:297) ~[spring-boot-2.2.4.RELEASE.jar:2.2.4.RELEASE]
	at org.springframework.boot.web.servlet.context.ServletWebServerApplicationContext.finishRefresh(ServletWebServerApplicationContext.java:163) ~[spring-boot-2.2.4.RELEASE.jar:2.2.4.RELEASE]
	at org.springframework.context.support.AbstractApplicationContext.refresh(AbstractApplicationContext.java:553) ~[spring-context-5.2.3.RELEASE.jar:5.2.3.RELEASE]
	at org.springframework.boot.web.servlet.context.ServletWebServerApplicationContext.refresh(ServletWebServerApplicationContext.java:141) ~[spring-boot-2.2.4.RELEASE.jar:2.2.4.RELEASE]
	at org.springframework.boot.SpringApplication.refresh(SpringApplication.java:747) ~[spring-boot-2.2.4.RELEASE.jar:2.2.4.RELEASE]
	at org.springframework.boot.SpringApplication.refreshContext(SpringApplication.java:397) ~[spring-boot-2.2.4.RELEASE.jar:2.2.4.RELEASE]
	at org.springframework.boot.SpringApplication.run(SpringApplication.java:315) ~[spring-boot-2.2.4.RELEASE.jar:2.2.4.RELEASE]
	at org.springframework.boot.test.context.SpringBootContextLoader.loadContext(SpringBootContextLoader.java:126) ~[spring-boot-test-2.2.4.RELEASE.jar:2.2.4.RELEASE]
	at org.springframework.test.context.cache.DefaultCacheAwareContextLoaderDelegate.loadContextInternal(DefaultCacheAwareContextLoaderDelegate.java:99) ~[spring-test-5.2.3.RELEASE.jar:5.2.3.RELEASE]
	at org.springframework.test.context.cache.DefaultCacheAwareContextLoaderDelegate.loadContext(DefaultCacheAwareContextLoaderDelegate.java:124) ~[spring-test-5.2.3.RELEASE.jar:5.2.3.RELEASE]
	... 66 common frames omitted

[8mha:////4C0KNgnMcE46Fdh0eojgK5MnTI895k+k+mDpsba6DBN9AAAAYB+LCAAAAAAAAP9b85aBtbiIQSmjNKU4P0+vJLE4u1gvPjexLDVPzxdEuhYV5Rf55ZekOlc7RKnPKH7IxMBQUcQgBdWQnJ9XnJ+TqucMoUEKGSCAEaSwAACsNFCqYAAAAA==[0m[ERROR] Tests run: 2, Failures: 0, Errors: 2, Skipped: 0, Time elapsed: 5.062 s <<< FAILURE! - in pl.pandait.panda.PandaApplicationSeleniumTest
[8mha:////4C0KNgnMcE46Fdh0eojgK5MnTI895k+k+mDpsba6DBN9AAAAYB+LCAAAAAAAAP9b85aBtbiIQSmjNKU4P0+vJLE4u1gvPjexLDVPzxdEuhYV5Rf55ZekOlc7RKnPKH7IxMBQUcQgBdWQnJ9XnJ+TqucMoUEKGSCAEaSwAACsNFCqYAAAAA==[0m[ERROR] greetings_shouldOpenMainPageThenReturnWelcomeText  Time elapsed: 0.012 s  <<< ERROR!
java.lang.IllegalStateException: Failed to load ApplicationContext
Caused by: org.springframework.boot.web.server.PortInUseException: Port 8080 is already in use

[8mha:////4C0KNgnMcE46Fdh0eojgK5MnTI895k+k+mDpsba6DBN9AAAAYB+LCAAAAAAAAP9b85aBtbiIQSmjNKU4P0+vJLE4u1gvPjexLDVPzxdEuhYV5Rf55ZekOlc7RKnPKH7IxMBQUcQgBdWQnJ9XnJ+TqucMoUEKGSCAEaSwAACsNFCqYAAAAA==[0m[ERROR] greetings_shouldOpenSubpageThenReturnGreetingsText  Time elapsed: 0 s  <<< ERROR!
java.lang.IllegalStateException: Failed to load ApplicationContext
Caused by: org.springframework.boot.web.server.PortInUseException: Port 8080 is already in use

[INFO] Running pl.pandait.panda.PandaApplicationTest
2021-03-01 18:09:15.162  INFO 254 --- [           main] .b.t.c.SpringBootTestContextBootstrapper : Neither @ContextConfiguration nor @ContextHierarchy found for test class [pl.pandait.panda.PandaApplicationTest], using SpringBootContextLoader
2021-03-01 18:09:15.163  INFO 254 --- [           main] o.s.t.c.support.AbstractContextLoader    : Could not detect default resource locations for test class [pl.pandait.panda.PandaApplicationTest]: no resource found for suffixes {-context.xml, Context.groovy}.
2021-03-01 18:09:15.164  INFO 254 --- [           main] t.c.s.AnnotationConfigContextLoaderUtils : Could not detect default configuration classes for test class [pl.pandait.panda.PandaApplicationTest]: PandaApplicationTest does not declare any static, non-private, non-final, nested classes annotated with @Configuration.
2021-03-01 18:09:15.171  INFO 254 --- [           main] .b.t.c.SpringBootTestContextBootstrapper : Found @SpringBootConfiguration pl.pandait.panda.PandaApplication for test class pl.pandait.panda.PandaApplicationTest
2021-03-01 18:09:15.174  INFO 254 --- [           main] .b.t.c.SpringBootTestContextBootstrapper : Loaded default TestExecutionListener class names from location [META-INF/spring.factories]: [org.springframework.boot.test.mock.mockito.MockitoTestExecutionListener, org.springframework.boot.test.mock.mockito.ResetMocksTestExecutionListener, org.springframework.boot.test.autoconfigure.restdocs.RestDocsTestExecutionListener, org.springframework.boot.test.autoconfigure.web.client.MockRestServiceServerResetTestExecutionListener, org.springframework.boot.test.autoconfigure.web.servlet.MockMvcPrintOnlyOnFailureTestExecutionListener, org.springframework.boot.test.autoconfigure.web.servlet.WebDriverTestExecutionListener, org.springframework.test.context.web.ServletTestExecutionListener, org.springframework.test.context.support.DirtiesContextBeforeModesTestExecutionListener, org.springframework.test.context.support.DependencyInjectionTestExecutionListener, org.springframework.test.context.support.DirtiesContextTestExecutionListener, org.springframework.test.context.transaction.TransactionalTestExecutionListener, org.springframework.test.context.jdbc.SqlScriptsTestExecutionListener, org.springframework.test.context.event.EventPublishingTestExecutionListener]
2021-03-01 18:09:15.175  INFO 254 --- [           main] .b.t.c.SpringBootTestContextBootstrapper : Using TestExecutionListeners: [org.springframework.test.context.web.ServletTestExecutionListener@7b211077, org.springframework.test.context.support.DirtiesContextBeforeModesTestExecutionListener@3b770d07, org.springframework.boot.test.mock.mockito.MockitoTestExecutionListener@62b0bf85, org.springframework.boot.test.autoconfigure.SpringBootDependencyInjectionTestExecutionListener@1fcaea93, org.springframework.test.context.support.DirtiesContextTestExecutionListener@6c9bf3b5, org.springframework.test.context.event.EventPublishingTestExecutionListener@6f07d414, org.springframework.boot.test.mock.mockito.ResetMocksTestExecutionListener@8ac12e6, org.springframework.boot.test.autoconfigure.restdocs.RestDocsTestExecutionListener@40faff12, org.springframework.boot.test.autoconfigure.web.client.MockRestServiceServerResetTestExecutionListener@734fbae3, org.springframework.boot.test.autoconfigure.web.servlet.MockMvcPrintOnlyOnFailureTestExecutionListener@223967ea, org.springframework.boot.test.autoconfigure.web.servlet.WebDriverTestExecutionListener@4a6a6a69]

  .   ____          _            __ _ _
 /\\ / ___'_ __ _ _(_)_ __  __ _ \ \ \ \
( ( )\___ | '_ | '_| | '_ \/ _` | \ \ \ \
 \\/  ___)| |_)| | | | | || (_| |  ) ) ) )
  '  |____| .__|_| |_|_| |_\__, | / / / /
 =========|_|==============|___/=/_/_/_/
 :: Spring Boot ::        (v2.2.4.RELEASE)

2021-03-01 18:09:15.192  INFO 254 --- [           main] pl.pandait.panda.PandaApplicationTest    : Starting PandaApplicationTest on ffc2e37ee6e1 with PID 254 (started by jenkins in /var/jenkins_home/workspace/Maven)
2021-03-01 18:09:15.192  INFO 254 --- [           main] pl.pandait.panda.PandaApplicationTest    : No active profile set, falling back to default profiles: default
2021-03-01 18:09:15.379  INFO 254 --- [           main] o.s.s.concurrent.ThreadPoolTaskExecutor  : Initializing ExecutorService 'applicationTaskExecutor'
2021-03-01 18:09:15.394  INFO 254 --- [           main] o.s.b.a.w.s.WelcomePageHandlerMapping    : Adding welcome page: class path resource [static/index.html]
2021-03-01 18:09:15.474  INFO 254 --- [           main] pl.pandait.panda.PandaApplicationTest    : Started PandaApplicationTest in 0.294 seconds (JVM running for 6.06)
[INFO] Tests run: 1, Failures: 0, Errors: 0, Skipped: 0, Time elapsed: 0.817 s - in pl.pandait.panda.PandaApplicationTest
[INFO] Running pl.pandait.panda.HelloControllerTest
2021-03-01 18:09:16.007  INFO 254 --- [           main] .b.t.c.SpringBootTestContextBootstrapper : Neither @ContextConfiguration nor @ContextHierarchy found for test class [pl.pandait.panda.HelloControllerTest], using SpringBootContextLoader
2021-03-01 18:09:16.008  INFO 254 --- [           main] o.s.t.c.support.AbstractContextLoader    : Could not detect default resource locations for test class [pl.pandait.panda.HelloControllerTest]: no resource found for suffixes {-context.xml, Context.groovy}.
2021-03-01 18:09:16.008  INFO 254 --- [           main] t.c.s.AnnotationConfigContextLoaderUtils : Could not detect default configuration classes for test class [pl.pandait.panda.HelloControllerTest]: HelloControllerTest does not declare any static, non-private, non-final, nested classes annotated with @Configuration.
2021-03-01 18:09:16.009  INFO 254 --- [           main] .b.t.c.SpringBootTestContextBootstrapper : Found @SpringBootConfiguration pl.pandait.panda.PandaApplication for test class pl.pandait.panda.HelloControllerTest
2021-03-01 18:09:16.009  INFO 254 --- [           main] .b.t.c.SpringBootTestContextBootstrapper : Loaded default TestExecutionListener class names from location [META-INF/spring.factories]: [org.springframework.boot.test.mock.mockito.MockitoTestExecutionListener, org.springframework.boot.test.mock.mockito.ResetMocksTestExecutionListener, org.springframework.boot.test.autoconfigure.restdocs.RestDocsTestExecutionListener, org.springframework.boot.test.autoconfigure.web.client.MockRestServiceServerResetTestExecutionListener, org.springframework.boot.test.autoconfigure.web.servlet.MockMvcPrintOnlyOnFailureTestExecutionListener, org.springframework.boot.test.autoconfigure.web.servlet.WebDriverTestExecutionListener, org.springframework.test.context.web.ServletTestExecutionListener, org.springframework.test.context.support.DirtiesContextBeforeModesTestExecutionListener, org.springframework.test.context.support.DependencyInjectionTestExecutionListener, org.springframework.test.context.support.DirtiesContextTestExecutionListener, org.springframework.test.context.transaction.TransactionalTestExecutionListener, org.springframework.test.context.jdbc.SqlScriptsTestExecutionListener, org.springframework.test.context.event.EventPublishingTestExecutionListener]
2021-03-01 18:09:16.012  INFO 254 --- [           main] .b.t.c.SpringBootTestContextBootstrapper : Using TestExecutionListeners: [org.springframework.test.context.web.ServletTestExecutionListener@2c54c497, org.springframework.test.context.support.DirtiesContextBeforeModesTestExecutionListener@b788dc2, org.springframework.boot.test.mock.mockito.MockitoTestExecutionListener@58ec8271, org.springframework.boot.test.autoconfigure.SpringBootDependencyInjectionTestExecutionListener@a44effb, org.springframework.test.context.support.DirtiesContextTestExecutionListener@3ee258, org.springframework.test.context.event.EventPublishingTestExecutionListener@4f676900, org.springframework.boot.test.mock.mockito.ResetMocksTestExecutionListener@73a49597, org.springframework.boot.test.autoconfigure.restdocs.RestDocsTestExecutionListener@5eb2972f, org.springframework.boot.test.autoconfigure.web.client.MockRestServiceServerResetTestExecutionListener@29699283, org.springframework.boot.test.autoconfigure.web.servlet.MockMvcPrintOnlyOnFailureTestExecutionListener@5d32c1c7, org.springframework.boot.test.autoconfigure.web.servlet.WebDriverTestExecutionListener@a6dffdb]

  .   ____          _            __ _ _
 /\\ / ___'_ __ _ _(_)_ __  __ _ \ \ \ \
( ( )\___ | '_ | '_| | '_ \/ _` | \ \ \ \
 \\/  ___)| |_)| | | | | || (_| |  ) ) ) )
  '  |____| .__|_| |_|_| |_\__, | / / / /
 =========|_|==============|___/=/_/_/_/
 :: Spring Boot ::        (v2.2.4.RELEASE)

2021-03-01 18:09:16.025  INFO 254 --- [           main] pl.pandait.panda.HelloControllerTest     : Starting HelloControllerTest on ffc2e37ee6e1 with PID 254 (started by jenkins in /var/jenkins_home/workspace/Maven)
2021-03-01 18:09:16.026  INFO 254 --- [           main] pl.pandait.panda.HelloControllerTest     : No active profile set, falling back to default profiles: default
2021-03-01 18:09:16.166  INFO 254 --- [           main] o.s.b.w.embedded.tomcat.TomcatWebServer  : Tomcat initialized with port(s): 0 (http)
2021-03-01 18:09:16.167  INFO 254 --- [           main] o.apache.catalina.core.StandardService   : Starting service [Tomcat]
2021-03-01 18:09:16.167  INFO 254 --- [           main] org.apache.catalina.core.StandardEngine  : Starting Servlet engine: [Apache Tomcat/9.0.30]
2021-03-01 18:09:16.177  INFO 254 --- [           main] o.a.c.c.C.[Tomcat-4].[localhost].[/]     : Initializing Spring embedded WebApplicationContext
2021-03-01 18:09:16.177  INFO 254 --- [           main] o.s.web.context.ContextLoader            : Root WebApplicationContext: initialization completed in 149 ms
2021-03-01 18:09:16.275  INFO 254 --- [           main] o.s.s.concurrent.ThreadPoolTaskExecutor  : Initializing ExecutorService 'applicationTaskExecutor'
2021-03-01 18:09:16.292  INFO 254 --- [           main] o.s.b.a.w.s.WelcomePageHandlerMapping    : Adding welcome page: class path resource [static/index.html]
2021-03-01 18:09:16.397  INFO 254 --- [           main] o.s.b.w.embedded.tomcat.TomcatWebServer  : Tomcat started on port(s): 40141 (http) with context path ''
2021-03-01 18:09:16.398  INFO 254 --- [           main] pl.pandait.panda.HelloControllerTest     : Started HelloControllerTest in 0.384 seconds (JVM running for 6.984)
2021-03-01 18:09:16.421  INFO 254 --- [           main] o.s.mock.web.MockServletContext          : Initializing Spring TestDispatcherServlet ''
2021-03-01 18:09:16.421  INFO 254 --- [           main] o.s.t.web.servlet.TestDispatcherServlet  : Initializing Servlet ''
2021-03-01 18:09:16.421  INFO 254 --- [           main] o.s.t.web.servlet.TestDispatcherServlet  : Completed initialization in 0 ms
[INFO] Tests run: 1, Failures: 0, Errors: 0, Skipped: 0, Time elapsed: 0.479 s - in pl.pandait.panda.HelloControllerTest
2021-03-01 18:09:16.534  INFO 254 --- [extShutdownHook] o.s.s.concurrent.ThreadPoolTaskExecutor  : Shutting down ExecutorService 'applicationTaskExecutor'
2021-03-01 18:09:16.534  INFO 254 --- [extShutdownHook] o.s.s.concurrent.ThreadPoolTaskExecutor  : Shutting down ExecutorService 'applicationTaskExecutor'
[INFO] 
[INFO] Results:
[INFO] 
[8mha:////4C0KNgnMcE46Fdh0eojgK5MnTI895k+k+mDpsba6DBN9AAAAYB+LCAAAAAAAAP9b85aBtbiIQSmjNKU4P0+vJLE4u1gvPjexLDVPzxdEuhYV5Rf55ZekOlc7RKnPKH7IxMBQUcQgBdWQnJ9XnJ+TqucMoUEKGSCAEaSwAACsNFCqYAAAAA==[0m[ERROR] Errors: 
[8mha:////4C0KNgnMcE46Fdh0eojgK5MnTI895k+k+mDpsba6DBN9AAAAYB+LCAAAAAAAAP9b85aBtbiIQSmjNKU4P0+vJLE4u1gvPjexLDVPzxdEuhYV5Rf55ZekOlc7RKnPKH7IxMBQUcQgBdWQnJ9XnJ+TqucMoUEKGSCAEaSwAACsNFCqYAAAAA==[0m[ERROR]   PandaApplicationSeleniumTest.greetings_shouldOpenMainPageThenReturnWelcomeText » IllegalState
[8mha:////4C0KNgnMcE46Fdh0eojgK5MnTI895k+k+mDpsba6DBN9AAAAYB+LCAAAAAAAAP9b85aBtbiIQSmjNKU4P0+vJLE4u1gvPjexLDVPzxdEuhYV5Rf55ZekOlc7RKnPKH7IxMBQUcQgBdWQnJ9XnJ+TqucMoUEKGSCAEaSwAACsNFCqYAAAAA==[0m[ERROR]   PandaApplicationSeleniumTest.greetings_shouldOpenSubpageThenReturnGreetingsText » IllegalState
[INFO] 
[8mha:////4C0KNgnMcE46Fdh0eojgK5MnTI895k+k+mDpsba6DBN9AAAAYB+LCAAAAAAAAP9b85aBtbiIQSmjNKU4P0+vJLE4u1gvPjexLDVPzxdEuhYV5Rf55ZekOlc7RKnPKH7IxMBQUcQgBdWQnJ9XnJ+TqucMoUEKGSCAEaSwAACsNFCqYAAAAA==[0m[ERROR] Tests run: 4, Failures: 0, Errors: 2, Skipped: 0
[INFO] 
[INFO] ------------------------------------------------------------------------
[INFO] BUILD FAILURE
[INFO] ------------------------------------------------------------------------
[INFO] Total time:  18.793 s
[INFO] Finished at: 2021-03-01T18:09:17Z
[INFO] ------------------------------------------------------------------------
[8mha:////4C0KNgnMcE46Fdh0eojgK5MnTI895k+k+mDpsba6DBN9AAAAYB+LCAAAAAAAAP9b85aBtbiIQSmjNKU4P0+vJLE4u1gvPjexLDVPzxdEuhYV5Rf55ZekOlc7RKnPKH7IxMBQUcQgBdWQnJ9XnJ+TqucMoUEKGSCAEaSwAACsNFCqYAAAAA==[0m[ERROR] Failed to execute goal org.apache.maven.plugins:maven-surefire-plugin:2.22.2:test (default-test) on project panda: There are test failures.
[8mha:////4C0KNgnMcE46Fdh0eojgK5MnTI895k+k+mDpsba6DBN9AAAAYB+LCAAAAAAAAP9b85aBtbiIQSmjNKU4P0+vJLE4u1gvPjexLDVPzxdEuhYV5Rf55ZekOlc7RKnPKH7IxMBQUcQgBdWQnJ9XnJ+TqucMoUEKGSCAEaSwAACsNFCqYAAAAA==[0m[ERROR] 
[8mha:////4C0KNgnMcE46Fdh0eojgK5MnTI895k+k+mDpsba6DBN9AAAAYB+LCAAAAAAAAP9b85aBtbiIQSmjNKU4P0+vJLE4u1gvPjexLDVPzxdEuhYV5Rf55ZekOlc7RKnPKH7IxMBQUcQgBdWQnJ9XnJ+TqucMoUEKGSCAEaSwAACsNFCqYAAAAA==[0m[ERROR] Please refer to /var/jenkins_home/workspace/Maven/target/surefire-reports for the individual test results.
[8mha:////4C0KNgnMcE46Fdh0eojgK5MnTI895k+k+mDpsba6DBN9AAAAYB+LCAAAAAAAAP9b85aBtbiIQSmjNKU4P0+vJLE4u1gvPjexLDVPzxdEuhYV5Rf55ZekOlc7RKnPKH7IxMBQUcQgBdWQnJ9XnJ+TqucMoUEKGSCAEaSwAACsNFCqYAAAAA==[0m[ERROR] Please refer to dump files (if any exist) [date].dump, [date]-jvmRun[N].dump and [date].dumpstream.
[8mha:////4C0KNgnMcE46Fdh0eojgK5MnTI895k+k+mDpsba6DBN9AAAAYB+LCAAAAAAAAP9b85aBtbiIQSmjNKU4P0+vJLE4u1gvPjexLDVPzxdEuhYV5Rf55ZekOlc7RKnPKH7IxMBQUcQgBdWQnJ9XnJ+TqucMoUEKGSCAEaSwAACsNFCqYAAAAA==[0m[ERROR] -> [Help 1]
[8mha:////4C0KNgnMcE46Fdh0eojgK5MnTI895k+k+mDpsba6DBN9AAAAYB+LCAAAAAAAAP9b85aBtbiIQSmjNKU4P0+vJLE4u1gvPjexLDVPzxdEuhYV5Rf55ZekOlc7RKnPKH7IxMBQUcQgBdWQnJ9XnJ+TqucMoUEKGSCAEaSwAACsNFCqYAAAAA==[0m[ERROR] 
[8mha:////4C0KNgnMcE46Fdh0eojgK5MnTI895k+k+mDpsba6DBN9AAAAYB+LCAAAAAAAAP9b85aBtbiIQSmjNKU4P0+vJLE4u1gvPjexLDVPzxdEuhYV5Rf55ZekOlc7RKnPKH7IxMBQUcQgBdWQnJ9XnJ+TqucMoUEKGSCAEaSwAACsNFCqYAAAAA==[0m[ERROR] To see the full stack trace of the errors, re-run Maven with the -e switch.
[8mha:////4C0KNgnMcE46Fdh0eojgK5MnTI895k+k+mDpsba6DBN9AAAAYB+LCAAAAAAAAP9b85aBtbiIQSmjNKU4P0+vJLE4u1gvPjexLDVPzxdEuhYV5Rf55ZekOlc7RKnPKH7IxMBQUcQgBdWQnJ9XnJ+TqucMoUEKGSCAEaSwAACsNFCqYAAAAA==[0m[ERROR] Re-run Maven using the -X switch to enable full debug logging.
[8mha:////4C0KNgnMcE46Fdh0eojgK5MnTI895k+k+mDpsba6DBN9AAAAYB+LCAAAAAAAAP9b85aBtbiIQSmjNKU4P0+vJLE4u1gvPjexLDVPzxdEuhYV5Rf55ZekOlc7RKnPKH7IxMBQUcQgBdWQnJ9XnJ+TqucMoUEKGSCAEaSwAACsNFCqYAAAAA==[0m[ERROR] 
[8mha:////4C0KNgnMcE46Fdh0eojgK5MnTI895k+k+mDpsba6DBN9AAAAYB+LCAAAAAAAAP9b85aBtbiIQSmjNKU4P0+vJLE4u1gvPjexLDVPzxdEuhYV5Rf55ZekOlc7RKnPKH7IxMBQUcQgBdWQnJ9XnJ+TqucMoUEKGSCAEaSwAACsNFCqYAAAAA==[0m[ERROR] For more information about the errors and possible solutions, please read the following articles:
[8mha:////4C0KNgnMcE46Fdh0eojgK5MnTI895k+k+mDpsba6DBN9AAAAYB+LCAAAAAAAAP9b85aBtbiIQSmjNKU4P0+vJLE4u1gvPjexLDVPzxdEuhYV5Rf55ZekOlc7RKnPKH7IxMBQUcQgBdWQnJ9XnJ+TqucMoUEKGSCAEaSwAACsNFCqYAAAAA==[0m[ERROR] [Help 1] http://cwiki.apache.org/confluence/display/MAVEN/MojoFailureException
Build step 'Invoke top-level Maven targets' marked build as failure
Finished: FAILURE
